#
# There is insufficient memory for the Java Runtime Environment to continue.
# Native memory allocation (malloc) failed to allocate 1040256 bytes. Error detail: Chunk::new
# Possible reasons:
#   The system is out of physical RAM or swap space
#   This process is running with CompressedOops enabled, and the Java Heap may be blocking the growth of the native heap
# Possible solutions:
#   Reduce memory load on the system
#   Increase physical memory or swap space
#   Check if swap backing store is full
#   Decrease Java heap size (-Xmx/-Xms)
#   Decrease number of Java threads
#   Decrease Java thread stack sizes (-Xss)
#   Set larger code cache with -XX:ReservedCodeCacheSize=
#   JVM is running with Unscaled Compressed Oops mode in which the Java heap is
#     placed in the first 4GB address space. The Java Heap base address is the
#     maximum limit for the native heap growth. Please use -XX:HeapBaseMinAddress
#     to set the Java Heap base and to place the Java Heap above 4GB virtual address.
# This output file may be truncated or incomplete.
#
#  Out of Memory Error (arena.cpp:191), pid=16724, tid=4288
#
# JRE version: OpenJDK Runtime Environment Temurin-17.0.15+6 (17.0.15+6) (build 17.0.15+6)
# Java VM: OpenJDK 64-Bit Server VM Temurin-17.0.15+6 (17.0.15+6, mixed mode, sharing, tiered, compressed oops, compressed class ptrs, g1 gc, windows-amd64)
# No core dump will be written. Minidumps are not enabled by default on client versions of Windows
#

---------------  S U M M A R Y ------------

Command Line: -Dfile.encoding=UTF-8 -Duser.country=KR -Duser.language=ko -Duser.variant com.Fitory.fitory.FitoryApplication

Host: Intel(R) Core(TM) i7-4770 CPU @ 3.40GHz, 8 cores, 7G,  Windows 10 , 64 bit Build 19041 (10.0.19041.5915)
Time: Fri Jun 27 17:01:53 2025  Windows 10 , 64 bit Build 19041 (10.0.19041.5915) elapsed time: 3.838240 seconds (0d 0h 0m 3s)

---------------  T H R E A D  ---------------

Current thread (0x00000259fc786140):  JavaThread "C2 CompilerThread1" daemon [_thread_in_native, id=4288, stack(0x000000b601100000,0x000000b601200000)]


Current CompileTask:
C2:   3838 4316       4       org.springframework.beans.factory.support.AbstractBeanFactory::isTypeMatch (745 bytes)

Stack: [0x000000b601100000,0x000000b601200000]
Native frames: (J=compiled Java code, j=interpreted, Vv=VM code, C=native code)
V  [jvm.dll+0x682fc9]
V  [jvm.dll+0x839878]
V  [jvm.dll+0x83b323]
V  [jvm.dll+0x83b993]
V  [jvm.dll+0x24725f]
V  [jvm.dll+0xacea4]
V  [jvm.dll+0xad53c]
V  [jvm.dll+0x2aca8f]
V  [jvm.dll+0x589079]
V  [jvm.dll+0x2210b2]
V  [jvm.dll+0x2214af]
V  [jvm.dll+0x21a4b0]
V  [jvm.dll+0x21758b]
V  [jvm.dll+0x1a31b0]
V  [jvm.dll+0x227a9c]
V  [jvm.dll+0x225bfb]
V  [jvm.dll+0x7ef018]
V  [jvm.dll+0x7e94dc]
V  [jvm.dll+0x681ea7]
C  [ucrtbase.dll+0x21bb2]
C  [KERNEL32.DLL+0x17374]
C  [ntdll.dll+0x4cc91]


---------------  P R O C E S S  ---------------

Threads class SMR info:
_java_thread_list=0x00000259fd8967e0, length=16, elements={
0x00000259de05a130, 0x00000259fc480740, 0x00000259fc4815c0, 0x00000259fc49a690,
0x00000259fc49df80, 0x00000259fc49e940, 0x00000259fc49f300, 0x00000259fc4a4bc0,
0x00000259fc4a5670, 0x00000259fc4d3400, 0x00000259fc6c3f70, 0x00000259fc6c8b20,
0x00000259fc786140, 0x00000259fcec4b60, 0x00000259fd0d7600, 0x00000259fd3772a0
}

Java Threads: ( => current thread )
  0x00000259de05a130 JavaThread "main" [_thread_blocked, id=12620, stack(0x000000b67fe00000,0x000000b67ff00000)]
  0x00000259fc480740 JavaThread "Reference Handler" daemon [_thread_blocked, id=18228, stack(0x000000b600500000,0x000000b600600000)]
  0x00000259fc4815c0 JavaThread "Finalizer" daemon [_thread_blocked, id=9280, stack(0x000000b600600000,0x000000b600700000)]
  0x00000259fc49a690 JavaThread "Signal Dispatcher" daemon [_thread_blocked, id=22852, stack(0x000000b600700000,0x000000b600800000)]
  0x00000259fc49df80 JavaThread "Attach Listener" daemon [_thread_blocked, id=6544, stack(0x000000b600800000,0x000000b600900000)]
  0x00000259fc49e940 JavaThread "Service Thread" daemon [_thread_blocked, id=23344, stack(0x000000b600900000,0x000000b600a00000)]
  0x00000259fc49f300 JavaThread "Monitor Deflation Thread" daemon [_thread_blocked, id=22700, stack(0x000000b600a00000,0x000000b600b00000)]
  0x00000259fc4a4bc0 JavaThread "C2 CompilerThread0" daemon [_thread_in_native, id=20520, stack(0x000000b600b00000,0x000000b600c00000)]
  0x00000259fc4a5670 JavaThread "C1 CompilerThread0" daemon [_thread_blocked, id=9724, stack(0x000000b600c00000,0x000000b600d00000)]
  0x00000259fc4d3400 JavaThread "Sweeper thread" daemon [_thread_blocked, id=23524, stack(0x000000b600d00000,0x000000b600e00000)]
  0x00000259fc6c3f70 JavaThread "Notification Thread" daemon [_thread_blocked, id=8040, stack(0x000000b600e00000,0x000000b600f00000)]
  0x00000259fc6c8b20 JavaThread "Common-Cleaner" daemon [_thread_blocked, id=16748, stack(0x000000b601000000,0x000000b601100000)]
=>0x00000259fc786140 JavaThread "C2 CompilerThread1" daemon [_thread_in_native, id=4288, stack(0x000000b601100000,0x000000b601200000)]
  0x00000259fcec4b60 JavaThread "C2 CompilerThread2" daemon [_thread_in_native, id=8808, stack(0x000000b601200000,0x000000b601300000)]
  0x00000259fd0d7600 JavaThread "Thread-0" [_thread_blocked, id=15056, stack(0x000000b601800000,0x000000b601900000)]
  0x00000259fd3772a0 JavaThread "restartedMain" [_thread_in_native, id=18940, stack(0x000000b601900000,0x000000b601a00000)]

Other Threads:
  0x00000259fc47b0a0 VMThread "VM Thread" [stack: 0x000000b600400000,0x000000b600500000] [id=18144]
  0x00000259fc6c6870 WatcherThread [stack: 0x000000b600f00000,0x000000b601000000] [id=3840]
  0x00000259de0b4c10 GCTaskThread "GC Thread#0" [stack: 0x000000b67ff00000,0x000000b680000000] [id=18724]
  0x00000259fd1ac530 GCTaskThread "GC Thread#1" [stack: 0x000000b601300000,0x000000b601400000] [id=9656]
  0x00000259fd100300 GCTaskThread "GC Thread#2" [stack: 0x000000b601400000,0x000000b601500000] [id=19152]
  0x00000259fd169cf0 GCTaskThread "GC Thread#3" [stack: 0x000000b601500000,0x000000b601600000] [id=9688]
  0x00000259fd4c4e60 GCTaskThread "GC Thread#4" [stack: 0x000000b601a00000,0x000000b601b00000] [id=19464]
  0x00000259fd375280 GCTaskThread "GC Thread#5" [stack: 0x000000b601b00000,0x000000b601c00000] [id=23780]
  0x00000259fd26ffa0 GCTaskThread "GC Thread#6" [stack: 0x000000b601c00000,0x000000b601d00000] [id=9432]
  0x00000259fd3906e0 GCTaskThread "GC Thread#7" [stack: 0x000000b601e00000,0x000000b601f00000] [id=12416]
  0x00000259de0c5930 ConcurrentGCThread "G1 Main Marker" [stack: 0x000000b600000000,0x000000b600100000] [id=8376]
  0x00000259de0c6af0 ConcurrentGCThread "G1 Conc#0" [stack: 0x000000b600100000,0x000000b600200000] [id=20288]
  0x00000259ff056470 ConcurrentGCThread "G1 Conc#1" [stack: 0x000000b601f00000,0x000000b602000000] [id=7768]
  0x00000259de0fe4d0 ConcurrentGCThread "G1 Refine#0" [stack: 0x000000b600200000,0x000000b600300000] [id=7940]
  0x00000259fd1c8a10 ConcurrentGCThread "G1 Refine#1" [stack: 0x000000b601600000,0x000000b601700000] [id=8184]
  0x00000259fd2bd140 ConcurrentGCThread "G1 Refine#2" [stack: 0x000000b601700000,0x000000b601800000] [id=1492]
  0x00000259fc332120 ConcurrentGCThread "G1 Service" [stack: 0x000000b600300000,0x000000b600400000] [id=20440]

Threads with active compile tasks:
C2 CompilerThread0     3860 4317       4       org.springframework.core.ResolvableType::getGeneric (90 bytes)
C1 CompilerThread0     3860 4445       3       org.springframework.core.ResolvableType::forRawClass (10 bytes)
C2 CompilerThread1     3860 4316       4       org.springframework.beans.factory.support.AbstractBeanFactory::isTypeMatch (745 bytes)
C2 CompilerThread2     3860 4311       4       org.springframework.core.ResolvableType::getGenerics (197 bytes)

VM state: not at safepoint (normal execution)

VM Mutex/Monitor currently owned by a thread: None

Heap address: 0x0000000081200000, size: 2030 MB, Compressed Oops mode: 32-bit

CDS archive(s) mapped at: [0x0000025980000000-0x0000025980bb0000-0x0000025980bb0000), size 12255232, SharedBaseAddress: 0x0000025980000000, ArchiveRelocationMode: 1.
Compressed class space mapped at: 0x0000025981000000-0x00000259c1000000, reserved size: 1073741824
Narrow klass base: 0x0000025980000000, Narrow klass shift: 0, Narrow klass range: 0x100000000

GC Precious Log:
 CPUs: 8 total, 8 available
 Memory: 8113M
 Large Page Support: Disabled
 NUMA Support: Disabled
 Compressed Oops: Enabled (32-bit)
 Heap Region Size: 1M
 Heap Min Capacity: 8M
 Heap Initial Capacity: 128M
 Heap Max Capacity: 2030M
 Pre-touch: Disabled
 Parallel Workers: 8
 Concurrent Workers: 2
 Concurrent Refinement Workers: 8
 Periodic GC: Disabled

Heap:
 garbage-first heap   total 81920K, used 51628K [0x0000000081200000, 0x0000000100000000)
  region size 1024K, 28 young (28672K), 3 survivors (3072K)
 Metaspace       used 32528K, committed 32832K, reserved 1114112K
  class space    used 4146K, committed 4288K, reserved 1048576K

Heap Regions: E=young(eden), S=young(survivor), O=old, HS=humongous(starts), HC=humongous(continues), CS=collection set, F=free, OA=open archive, CA=closed archive, TAMS=top-at-mark-start (previous, next)
|   0|0x0000000081200000, 0x0000000081300000, 0x0000000081300000|100%|HS|  |TAMS 0x0000000081300000, 0x0000000081200000| Complete 
|   1|0x0000000081300000, 0x0000000081400000, 0x0000000081400000|100%|HS|  |TAMS 0x0000000081400000, 0x0000000081300000| Complete 
|   2|0x0000000081400000, 0x0000000081500000, 0x0000000081500000|100%|HS|  |TAMS 0x0000000081500000, 0x0000000081400000| Complete 
|   3|0x0000000081500000, 0x0000000081600000, 0x0000000081600000|100%| O|  |TAMS 0x0000000081500000, 0x0000000081500000| Untracked 
|   4|0x0000000081600000, 0x0000000081700000, 0x0000000081700000|100%| O|  |TAMS 0x0000000081600000, 0x0000000081600000| Untracked 
|   5|0x0000000081700000, 0x0000000081800000, 0x0000000081800000|100%| O|  |TAMS 0x0000000081800000, 0x0000000081700000| Untracked 
|   6|0x0000000081800000, 0x0000000081900000, 0x0000000081900000|100%| O|  |TAMS 0x0000000081800000, 0x0000000081800000| Untracked 
|   7|0x0000000081900000, 0x0000000081a00000, 0x0000000081a00000|100%| O|  |TAMS 0x0000000081900000, 0x0000000081900000| Untracked 
|   8|0x0000000081a00000, 0x0000000081b00000, 0x0000000081b00000|100%| O|  |TAMS 0x0000000081b00000, 0x0000000081a00000| Untracked 
|   9|0x0000000081b00000, 0x0000000081c00000, 0x0000000081c00000|100%| O|  |TAMS 0x0000000081c00000, 0x0000000081b00000| Untracked 
|  10|0x0000000081c00000, 0x0000000081d00000, 0x0000000081d00000|100%| O|  |TAMS 0x0000000081d00000, 0x0000000081c00000| Untracked 
|  11|0x0000000081d00000, 0x0000000081e00000, 0x0000000081e00000|100%| O|  |TAMS 0x0000000081e00000, 0x0000000081d00000| Untracked 
|  12|0x0000000081e00000, 0x0000000081f00000, 0x0000000081f00000|100%| O|  |TAMS 0x0000000081f00000, 0x0000000081e00000| Untracked 
|  13|0x0000000081f00000, 0x0000000082000000, 0x0000000082000000|100%| O|  |TAMS 0x0000000082000000, 0x0000000081f00000| Untracked 
|  14|0x0000000082000000, 0x0000000082100000, 0x0000000082100000|100%| O|  |TAMS 0x0000000082100000, 0x0000000082000000| Untracked 
|  15|0x0000000082100000, 0x0000000082200000, 0x0000000082200000|100%| O|  |TAMS 0x0000000082200000, 0x0000000082100000| Untracked 
|  16|0x0000000082200000, 0x0000000082300000, 0x0000000082300000|100%| O|  |TAMS 0x0000000082300000, 0x0000000082200000| Untracked 
|  17|0x0000000082300000, 0x0000000082381000, 0x0000000082400000| 50%| O|  |TAMS 0x0000000082381000, 0x0000000082300000| Untracked 
|  18|0x0000000082400000, 0x0000000082500000, 0x0000000082500000|100%| O|  |TAMS 0x0000000082400000, 0x0000000082400000| Untracked 
|  19|0x0000000082500000, 0x0000000082600000, 0x0000000082600000|100%| O|  |TAMS 0x0000000082500000, 0x0000000082500000| Untracked 
|  20|0x0000000082600000, 0x0000000082700000, 0x0000000082700000|100%| O|  |TAMS 0x0000000082600000, 0x0000000082600000| Untracked 
|  21|0x0000000082700000, 0x0000000082800000, 0x0000000082800000|100%| O|  |TAMS 0x0000000082700000, 0x0000000082700000| Untracked 
|  22|0x0000000082800000, 0x0000000082900000, 0x0000000082900000|100%| O|  |TAMS 0x0000000082800000, 0x0000000082800000| Untracked 
|  23|0x0000000082900000, 0x0000000082a00000, 0x0000000082a00000|100%| O|  |TAMS 0x0000000082900000, 0x0000000082900000| Untracked 
|  24|0x0000000082a00000, 0x0000000082a53c00, 0x0000000082b00000| 32%| O|  |TAMS 0x0000000082a00000, 0x0000000082a00000| Untracked 
|  25|0x0000000082b00000, 0x0000000082b00000, 0x0000000082c00000|  0%| F|  |TAMS 0x0000000082b00000, 0x0000000082b00000| Untracked 
|  26|0x0000000082c00000, 0x0000000082c00000, 0x0000000082d00000|  0%| F|  |TAMS 0x0000000082c00000, 0x0000000082c00000| Untracked 
|  27|0x0000000082d00000, 0x0000000082d00000, 0x0000000082e00000|  0%| F|  |TAMS 0x0000000082d00000, 0x0000000082d00000| Untracked 
|  28|0x0000000082e00000, 0x0000000082e00000, 0x0000000082f00000|  0%| F|  |TAMS 0x0000000082e00000, 0x0000000082e00000| Untracked 
|  29|0x0000000082f00000, 0x0000000082f00000, 0x0000000083000000|  0%| F|  |TAMS 0x0000000082f00000, 0x0000000082f00000| Untracked 
|  30|0x0000000083000000, 0x0000000083000000, 0x0000000083100000|  0%| F|  |TAMS 0x0000000083000000, 0x0000000083000000| Untracked 
|  31|0x0000000083100000, 0x0000000083100000, 0x0000000083200000|  0%| F|  |TAMS 0x0000000083100000, 0x0000000083100000| Untracked 
|  32|0x0000000083200000, 0x0000000083200000, 0x0000000083300000|  0%| F|  |TAMS 0x0000000083200000, 0x0000000083200000| Untracked 
|  33|0x0000000083300000, 0x0000000083300000, 0x0000000083400000|  0%| F|  |TAMS 0x0000000083300000, 0x0000000083300000| Untracked 
|  34|0x0000000083400000, 0x0000000083400000, 0x0000000083500000|  0%| F|  |TAMS 0x0000000083400000, 0x0000000083400000| Untracked 
|  35|0x0000000083500000, 0x0000000083500000, 0x0000000083600000|  0%| F|  |TAMS 0x0000000083500000, 0x0000000083500000| Untracked 
|  36|0x0000000083600000, 0x0000000083600000, 0x0000000083700000|  0%| F|  |TAMS 0x0000000083600000, 0x0000000083600000| Untracked 
|  37|0x0000000083700000, 0x0000000083700000, 0x0000000083800000|  0%| F|  |TAMS 0x0000000083700000, 0x0000000083700000| Untracked 
|  38|0x0000000083800000, 0x0000000083800000, 0x0000000083900000|  0%| F|  |TAMS 0x0000000083800000, 0x0000000083800000| Untracked 
|  39|0x0000000083900000, 0x0000000083900000, 0x0000000083a00000|  0%| F|  |TAMS 0x0000000083900000, 0x0000000083900000| Untracked 
|  40|0x0000000083a00000, 0x0000000083a00000, 0x0000000083b00000|  0%| F|  |TAMS 0x0000000083a00000, 0x0000000083a00000| Untracked 
|  41|0x0000000083b00000, 0x0000000083b00000, 0x0000000083c00000|  0%| F|  |TAMS 0x0000000083b00000, 0x0000000083b00000| Untracked 
|  42|0x0000000083c00000, 0x0000000083c00000, 0x0000000083d00000|  0%| F|  |TAMS 0x0000000083c00000, 0x0000000083c00000| Untracked 
|  43|0x0000000083d00000, 0x0000000083d00000, 0x0000000083e00000|  0%| F|  |TAMS 0x0000000083d00000, 0x0000000083d00000| Untracked 
|  44|0x0000000083e00000, 0x0000000083e00000, 0x0000000083f00000|  0%| F|  |TAMS 0x0000000083e00000, 0x0000000083e00000| Untracked 
|  45|0x0000000083f00000, 0x0000000083f00000, 0x0000000084000000|  0%| F|  |TAMS 0x0000000083f00000, 0x0000000083f00000| Untracked 
|  46|0x0000000084000000, 0x0000000084096480, 0x0000000084100000| 58%| S|CS|TAMS 0x0000000084000000, 0x0000000084000000| Complete 
|  47|0x0000000084100000, 0x0000000084200000, 0x0000000084200000|100%| S|CS|TAMS 0x0000000084100000, 0x0000000084100000| Complete 
|  48|0x0000000084200000, 0x0000000084300000, 0x0000000084300000|100%| S|CS|TAMS 0x0000000084200000, 0x0000000084200000| Complete 
|  49|0x0000000084300000, 0x0000000084300000, 0x0000000084400000|  0%| F|  |TAMS 0x0000000084300000, 0x0000000084300000| Untracked 
|  50|0x0000000084400000, 0x0000000084400000, 0x0000000084500000|  0%| F|  |TAMS 0x0000000084400000, 0x0000000084400000| Untracked 
|  51|0x0000000084500000, 0x0000000084500000, 0x0000000084600000|  0%| F|  |TAMS 0x0000000084500000, 0x0000000084500000| Untracked 
|  52|0x0000000084600000, 0x0000000084600000, 0x0000000084700000|  0%| F|  |TAMS 0x0000000084600000, 0x0000000084600000| Untracked 
|  53|0x0000000084700000, 0x0000000084700000, 0x0000000084800000|  0%| F|  |TAMS 0x0000000084700000, 0x0000000084700000| Untracked 
|  54|0x0000000084800000, 0x0000000084800000, 0x0000000084900000|  0%| F|  |TAMS 0x0000000084800000, 0x0000000084800000| Untracked 
|  55|0x0000000084900000, 0x000000008496ca90, 0x0000000084a00000| 42%| E|  |TAMS 0x0000000084900000, 0x0000000084900000| Complete 
|  56|0x0000000084a00000, 0x0000000084b00000, 0x0000000084b00000|100%| E|CS|TAMS 0x0000000084a00000, 0x0000000084a00000| Complete 
|  57|0x0000000084b00000, 0x0000000084c00000, 0x0000000084c00000|100%| E|CS|TAMS 0x0000000084b00000, 0x0000000084b00000| Complete 
|  58|0x0000000084c00000, 0x0000000084d00000, 0x0000000084d00000|100%| E|CS|TAMS 0x0000000084c00000, 0x0000000084c00000| Complete 
|  59|0x0000000084d00000, 0x0000000084e00000, 0x0000000084e00000|100%| E|CS|TAMS 0x0000000084d00000, 0x0000000084d00000| Complete 
|  60|0x0000000084e00000, 0x0000000084f00000, 0x0000000084f00000|100%| E|CS|TAMS 0x0000000084e00000, 0x0000000084e00000| Complete 
|  61|0x0000000084f00000, 0x0000000085000000, 0x0000000085000000|100%| E|CS|TAMS 0x0000000084f00000, 0x0000000084f00000| Complete 
|  62|0x0000000085000000, 0x0000000085100000, 0x0000000085100000|100%| E|CS|TAMS 0x0000000085000000, 0x0000000085000000| Complete 
|  63|0x0000000085100000, 0x0000000085200000, 0x0000000085200000|100%| E|CS|TAMS 0x0000000085100000, 0x0000000085100000| Complete 
|  64|0x0000000085200000, 0x0000000085300000, 0x0000000085300000|100%| E|CS|TAMS 0x0000000085200000, 0x0000000085200000| Complete 
|  65|0x0000000085300000, 0x0000000085400000, 0x0000000085400000|100%| E|CS|TAMS 0x0000000085300000, 0x0000000085300000| Complete 
|  66|0x0000000085400000, 0x0000000085500000, 0x0000000085500000|100%| E|CS|TAMS 0x0000000085400000, 0x0000000085400000| Complete 
|  67|0x0000000085500000, 0x0000000085600000, 0x0000000085600000|100%| E|CS|TAMS 0x0000000085500000, 0x0000000085500000| Complete 
|  68|0x0000000085600000, 0x0000000085700000, 0x0000000085700000|100%| E|CS|TAMS 0x0000000085600000, 0x0000000085600000| Complete 
|  69|0x0000000085700000, 0x0000000085800000, 0x0000000085800000|100%| E|CS|TAMS 0x0000000085700000, 0x0000000085700000| Complete 
|  94|0x0000000087000000, 0x0000000087100000, 0x0000000087100000|100%| E|CS|TAMS 0x0000000087000000, 0x0000000087000000| Complete 
|  95|0x0000000087100000, 0x0000000087200000, 0x0000000087200000|100%| E|CS|TAMS 0x0000000087100000, 0x0000000087100000| Complete 
|  96|0x0000000087200000, 0x0000000087300000, 0x0000000087300000|100%| E|CS|TAMS 0x0000000087200000, 0x0000000087200000| Complete 
|  97|0x0000000087300000, 0x0000000087400000, 0x0000000087400000|100%| E|CS|TAMS 0x0000000087300000, 0x0000000087300000| Complete 
|  98|0x0000000087400000, 0x0000000087500000, 0x0000000087500000|100%| E|CS|TAMS 0x0000000087400000, 0x0000000087400000| Complete 
|  99|0x0000000087500000, 0x0000000087600000, 0x0000000087600000|100%| E|CS|TAMS 0x0000000087500000, 0x0000000087500000| Complete 
| 100|0x0000000087600000, 0x0000000087700000, 0x0000000087700000|100%| E|CS|TAMS 0x0000000087600000, 0x0000000087600000| Complete 
| 101|0x0000000087700000, 0x0000000087800000, 0x0000000087800000|100%| E|CS|TAMS 0x0000000087700000, 0x0000000087700000| Complete 
| 126|0x0000000089000000, 0x0000000089100000, 0x0000000089100000|100%| E|CS|TAMS 0x0000000089000000, 0x0000000089000000| Complete 
| 127|0x0000000089100000, 0x0000000089200000, 0x0000000089200000|100%| E|CS|TAMS 0x0000000089100000, 0x0000000089100000| Complete 

Card table byte_map: [0x00000259f52d0000,0x00000259f56d0000] _byte_map_base: 0x00000259f4ec7000

Marking Bits (Prev, Next): (CMBitMap*) 0x00000259de0b5280, (CMBitMap*) 0x00000259de0b5240
 Prev Bits: [0x00000259f7a90000, 0x00000259f9a48000)
 Next Bits: [0x00000259f5ad0000, 0x00000259f7a88000)

Polling page: 0x00000259dd800000

Metaspace:

Usage:
  Non-class:     27.73 MB used.
      Class:      4.05 MB used.
       Both:     31.78 MB used.

Virtual space:
  Non-class space:       64.00 MB reserved,      27.94 MB ( 44%) committed,  1 nodes.
      Class space:        1.00 GB reserved,       4.19 MB ( <1%) committed,  1 nodes.
             Both:        1.06 GB reserved,      32.12 MB (  3%) committed. 

Chunk freelists:
   Non-Class:  3.67 MB
       Class:  11.73 MB
        Both:  15.41 MB

MaxMetaspaceSize: unlimited
CompressedClassSpaceSize: 1.00 GB
Initial GC threshold: 21.00 MB
Current GC threshold: 35.44 MB
CDS: on
MetaspaceReclaimPolicy: balanced
 - commit_granule_bytes: 65536.
 - commit_granule_words: 8192.
 - virtual_space_node_default_size: 8388608.
 - enlarge_chunks_in_place: 1.
 - new_chunks_are_fully_committed: 0.
 - uncommit_free_chunks: 1.
 - use_allocation_guard: 0.
 - handle_deallocations: 1.


Internal statistics:

num_allocs_failed_limit: 5.
num_arena_births: 460.
num_arena_deaths: 0.
num_vsnodes_births: 2.
num_vsnodes_deaths: 0.
num_space_committed: 514.
num_space_uncommitted: 0.
num_chunks_returned_to_freelist: 5.
num_chunks_taken_from_freelist: 1612.
num_chunk_merges: 5.
num_chunk_splits: 1103.
num_chunks_enlarged: 820.
num_inconsistent_stats: 0.

CodeHeap 'non-profiled nmethods': size=120000Kb used=2481Kb max_used=2481Kb free=117518Kb
 bounds [0x00000259ed670000, 0x00000259ed8e0000, 0x00000259f4ba0000]
CodeHeap 'profiled nmethods': size=120000Kb used=9446Kb max_used=9446Kb free=110554Kb
 bounds [0x00000259e5ba0000, 0x00000259e64e0000, 0x00000259ed0d0000]
CodeHeap 'non-nmethods': size=5760Kb used=1572Kb max_used=1627Kb free=4187Kb
 bounds [0x00000259ed0d0000, 0x00000259ed340000, 0x00000259ed670000]
 total_blobs=5056 nmethods=4430 adapters=538
 compilation: enabled
              stopped_count=0, restarted_count=0
 full_count=0

Compilation events (20 events):
Event: 3.803 Thread 0x00000259fc4a5670 4406       3       java.lang.reflect.AnnotatedElement::isAnnotationPresent (16 bytes)
Event: 3.803 Thread 0x00000259fc4a5670 nmethod 4406 0x00000259e64c2710 code [0x00000259e64c28c0, 0x00000259e64c2ae8]
Event: 3.803 Thread 0x00000259fc4a5670 4407       3       java.lang.reflect.Method::isDefault (28 bytes)
Event: 3.803 Thread 0x00000259fc4a5670 nmethod 4407 0x00000259e64c2b90 code [0x00000259e64c2d40, 0x00000259e64c2f48]
Event: 3.803 Thread 0x00000259fc4a5670 4408       3       java.lang.reflect.AccessibleObject::isAnnotationPresent (6 bytes)
Event: 3.803 Thread 0x00000259fc4a5670 nmethod 4408 0x00000259e64c3010 code [0x00000259e64c31c0, 0x00000259e64c3448]
Event: 3.803 Thread 0x00000259fc4a5670 4410       3       org.springframework.core.BridgeMethodResolver::findBridgedMethod (9 bytes)
Event: 3.804 Thread 0x00000259fc4a5670 nmethod 4410 0x00000259e64c3510 code [0x00000259e64c36c0, 0x00000259e64c3808]
Event: 3.804 Thread 0x00000259fc4a5670 4409       1       org.springframework.core.annotation.AnnotationFilter$1::matches (2 bytes)
Event: 3.804 Thread 0x00000259fc4a5670 nmethod 4409 0x00000259ed8dbf10 code [0x00000259ed8dc0a0, 0x00000259ed8dc178]
Event: 3.822 Thread 0x00000259fc4a5670 4411       3       org.springframework.util.ConcurrentReferenceHashMap$Segment::findInChain (66 bytes)
Event: 3.823 Thread 0x00000259fc4a5670 nmethod 4411 0x00000259e64c3910 code [0x00000259e64c3b00, 0x00000259e64c4058]
Event: 3.823 Thread 0x00000259fc4a5670 4412   !   3       java.lang.reflect.Field::declaredAnnotations (82 bytes)
Event: 3.823 Thread 0x00000259fc4a5670 nmethod 4412 0x00000259e64c4290 code [0x00000259e64c4480, 0x00000259e64c49a8]
Event: 3.823 Thread 0x00000259fc4a5670 4413       3       org.springframework.core.BridgeMethodResolver::isVisibilityBridgeMethodPair (68 bytes)
Event: 3.824 Thread 0x00000259fc4a5670 nmethod 4413 0x00000259e64c4c90 code [0x00000259e64c4f20, 0x00000259e64c5c38]
Event: 3.825 Thread 0x00000259fc4a5670 4415       3       java.util.TreeMap::successor (66 bytes)
Event: 3.825 Thread 0x00000259fc4a5670 nmethod 4415 0x00000259e64c6010 code [0x00000259e64c61e0, 0x00000259e64c6538]
Event: 3.825 Thread 0x00000259fc4a5670 4414       3       java.util.TreeMap$PrivateEntryIterator::nextEntry (54 bytes)
Event: 3.825 Thread 0x00000259fc4a5670 nmethod 4414 0x00000259e64c6690 code [0x00000259e64c6860, 0x00000259e64c6c88]

GC Heap History (12 events):
Event: 0.492 GC heap before
{Heap before GC invocations=0 (full 0):
 garbage-first heap   total 131072K, used 30720K [0x0000000081200000, 0x0000000100000000)
  region size 1024K, 23 young (23552K), 0 survivors (0K)
 Metaspace       used 2804K, committed 2944K, reserved 1114112K
  class space    used 279K, committed 320K, reserved 1048576K
}
Event: 0.499 GC heap after
{Heap after GC invocations=1 (full 0):
 garbage-first heap   total 131072K, used 16619K [0x0000000081200000, 0x0000000100000000)
  region size 1024K, 3 young (3072K), 3 survivors (3072K)
 Metaspace       used 2804K, committed 2944K, reserved 1114112K
  class space    used 279K, committed 320K, reserved 1048576K
}
Event: 0.837 GC heap before
{Heap before GC invocations=1 (full 0):
 garbage-first heap   total 131072K, used 38123K [0x0000000081200000, 0x0000000100000000)
  region size 1024K, 23 young (23552K), 3 survivors (3072K)
 Metaspace       used 6777K, committed 6912K, reserved 1114112K
  class space    used 753K, committed 832K, reserved 1048576K
}
Event: 0.840 GC heap after
{Heap after GC invocations=2 (full 0):
 garbage-first heap   total 131072K, used 18775K [0x0000000081200000, 0x0000000100000000)
  region size 1024K, 2 young (2048K), 2 survivors (2048K)
 Metaspace       used 6777K, committed 6912K, reserved 1114112K
  class space    used 753K, committed 832K, reserved 1048576K
}
Event: 1.561 GC heap before
{Heap before GC invocations=2 (full 0):
 garbage-first heap   total 131072K, used 55639K [0x0000000081200000, 0x0000000100000000)
  region size 1024K, 39 young (39936K), 2 survivors (2048K)
 Metaspace       used 15180K, committed 15424K, reserved 1114112K
  class space    used 1949K, committed 2048K, reserved 1048576K
}
Event: 1.566 GC heap after
{Heap after GC invocations=3 (full 0):
 garbage-first heap   total 131072K, used 21512K [0x0000000081200000, 0x0000000100000000)
  region size 1024K, 5 young (5120K), 5 survivors (5120K)
 Metaspace       used 15180K, committed 15424K, reserved 1114112K
  class space    used 1949K, committed 2048K, reserved 1048576K
}
Event: 1.863 GC heap before
{Heap before GC invocations=3 (full 0):
 garbage-first heap   total 131072K, used 46088K [0x0000000081200000, 0x0000000100000000)
  region size 1024K, 31 young (31744K), 5 survivors (5120K)
 Metaspace       used 21253K, committed 21504K, reserved 1114112K
  class space    used 2634K, committed 2752K, reserved 1048576K
}
Event: 1.868 GC heap after
{Heap after GC invocations=4 (full 0):
 garbage-first heap   total 131072K, used 24159K [0x0000000081200000, 0x0000000100000000)
  region size 1024K, 8 young (8192K), 8 survivors (8192K)
 Metaspace       used 21253K, committed 21504K, reserved 1114112K
  class space    used 2634K, committed 2752K, reserved 1048576K
}
Event: 2.582 GC heap before
{Heap before GC invocations=5 (full 0):
 garbage-first heap   total 81920K, used 61023K [0x0000000081200000, 0x0000000100000000)
  region size 1024K, 48 young (49152K), 8 survivors (8192K)
 Metaspace       used 26453K, committed 26752K, reserved 1114112K
  class space    used 3297K, committed 3456K, reserved 1048576K
}
Event: 2.592 GC heap after
{Heap after GC invocations=6 (full 0):
 garbage-first heap   total 81920K, used 24633K [0x0000000081200000, 0x0000000100000000)
  region size 1024K, 6 young (6144K), 6 survivors (6144K)
 Metaspace       used 26453K, committed 26752K, reserved 1114112K
  class space    used 3297K, committed 3456K, reserved 1048576K
}
Event: 3.267 GC heap before
{Heap before GC invocations=6 (full 0):
 garbage-first heap   total 81920K, used 56377K [0x0000000081200000, 0x0000000100000000)
  region size 1024K, 37 young (37888K), 6 survivors (6144K)
 Metaspace       used 29690K, committed 30080K, reserved 1114112K
  class space    used 3720K, committed 3904K, reserved 1048576K
}
Event: 3.275 GC heap after
{Heap after GC invocations=7 (full 0):
 garbage-first heap   total 81920K, used 27052K [0x0000000081200000, 0x0000000100000000)
  region size 1024K, 3 young (3072K), 3 survivors (3072K)
 Metaspace       used 29690K, committed 30080K, reserved 1114112K
  class space    used 3720K, committed 3904K, reserved 1048576K
}

Dll operation events (9 events):
Event: 0.005 Loaded shared library C:\Program Files\Eclipse Adoptium\jdk-17.0.15.6-hotspot\bin\java.dll
Event: 0.023 Loaded shared library C:\Program Files\Eclipse Adoptium\jdk-17.0.15.6-hotspot\bin\jsvml.dll
Event: 0.149 Loaded shared library C:\Program Files\Eclipse Adoptium\jdk-17.0.15.6-hotspot\bin\net.dll
Event: 0.151 Loaded shared library C:\Program Files\Eclipse Adoptium\jdk-17.0.15.6-hotspot\bin\nio.dll
Event: 0.154 Loaded shared library C:\Program Files\Eclipse Adoptium\jdk-17.0.15.6-hotspot\bin\zip.dll
Event: 0.297 Loaded shared library C:\Program Files\Eclipse Adoptium\jdk-17.0.15.6-hotspot\bin\jimage.dll
Event: 0.715 Loaded shared library C:\Program Files\Eclipse Adoptium\jdk-17.0.15.6-hotspot\bin\management.dll
Event: 0.717 Loaded shared library C:\Program Files\Eclipse Adoptium\jdk-17.0.15.6-hotspot\bin\management_ext.dll
Event: 2.010 Loaded shared library C:\Program Files\Eclipse Adoptium\jdk-17.0.15.6-hotspot\bin\sunmscapi.dll

Deoptimization events (20 events):
Event: 3.768 Thread 0x00000259fd3772a0 Uncommon trap: trap_request=0xffffff45 fr.pc=0x00000259ed8a0e24 relative=0x00000000000057a4
Event: 3.768 Thread 0x00000259fd3772a0 Uncommon trap: reason=unstable_if action=reinterpret pc=0x00000259ed8a0e24 method=org.springframework.core.ResolvableType.forType(Ljava/lang/reflect/Type;Lorg/springframework/core/SerializableTypeWrapper$TypeProvider;Lorg/springframework/core/ResolvableTy
Event: 3.768 Thread 0x00000259fd3772a0 DEOPT PACKING pc=0x00000259ed8a0e24 sp=0x000000b6019fbb60
Event: 3.768 Thread 0x00000259fd3772a0 DEOPT UNPACKING pc=0x00000259ed1269a3 sp=0x000000b6019fbaa0 mode 2
Event: 3.782 Thread 0x00000259fd3772a0 Uncommon trap: trap_request=0xffffff45 fr.pc=0x00000259ed8bbfec relative=0x0000000000001d0c
Event: 3.782 Thread 0x00000259fd3772a0 Uncommon trap: reason=unstable_if action=reinterpret pc=0x00000259ed8bbfec method=org.springframework.core.ResolvableType.equalsType(Lorg/springframework/core/ResolvableType;)Z @ 11 c2
Event: 3.782 Thread 0x00000259fd3772a0 DEOPT PACKING pc=0x00000259ed8bbfec sp=0x000000b6019fbdf0
Event: 3.782 Thread 0x00000259fd3772a0 DEOPT UNPACKING pc=0x00000259ed1269a3 sp=0x000000b6019fbd70 mode 2
Event: 3.782 Thread 0x00000259fd3772a0 Uncommon trap: trap_request=0xffffff45 fr.pc=0x00000259ed80c510 relative=0x0000000000000c90
Event: 3.782 Thread 0x00000259fd3772a0 Uncommon trap: reason=unstable_if action=reinterpret pc=0x00000259ed80c510 method=org.springframework.util.ConcurrentReferenceHashMap$Segment.findInChain(Lorg/springframework/util/ConcurrentReferenceHashMap$Reference;Ljava/lang/Object;I)Lorg/springframewo
Event: 3.782 Thread 0x00000259fd3772a0 DEOPT PACKING pc=0x00000259ed80c510 sp=0x000000b6019fbe80
Event: 3.783 Thread 0x00000259fd3772a0 DEOPT UNPACKING pc=0x00000259ed1269a3 sp=0x000000b6019fbcc8 mode 2
Event: 3.783 Thread 0x00000259fd3772a0 Uncommon trap: trap_request=0xffffff45 fr.pc=0x00000259ed80ea84 relative=0x0000000000000c04
Event: 3.783 Thread 0x00000259fd3772a0 Uncommon trap: reason=unstable_if action=reinterpret pc=0x00000259ed80ea84 method=org.springframework.util.ConcurrentReferenceHashMap$Segment.findInChain(Lorg/springframework/util/ConcurrentReferenceHashMap$Reference;Ljava/lang/Object;I)Lorg/springframewo
Event: 3.783 Thread 0x00000259fd3772a0 DEOPT PACKING pc=0x00000259ed80ea84 sp=0x000000b6019fbc20
Event: 3.783 Thread 0x00000259fd3772a0 DEOPT UNPACKING pc=0x00000259ed1269a3 sp=0x000000b6019fbaf8 mode 2
Event: 3.783 Thread 0x00000259fd3772a0 Uncommon trap: trap_request=0xffffff45 fr.pc=0x00000259ed7d426c relative=0x00000000000005ac
Event: 3.783 Thread 0x00000259fd3772a0 Uncommon trap: reason=unstable_if action=reinterpret pc=0x00000259ed7d426c method=org.springframework.util.ConcurrentReferenceHashMap$Segment.findInChain(Lorg/springframework/util/ConcurrentReferenceHashMap$Reference;Ljava/lang/Object;I)Lorg/springframewo
Event: 3.783 Thread 0x00000259fd3772a0 DEOPT PACKING pc=0x00000259ed7d426c sp=0x000000b6019fba30
Event: 3.783 Thread 0x00000259fd3772a0 DEOPT UNPACKING pc=0x00000259ed1269a3 sp=0x000000b6019fb9d8 mode 2

Classes loaded (20 events):
Event: 3.618 Loading class java/util/AbstractList$RandomAccessSubList
Event: 3.618 Loading class java/util/AbstractList$SubList
Event: 3.618 Loading class java/util/AbstractList$SubList done
Event: 3.618 Loading class java/util/AbstractList$RandomAccessSubList done
Event: 3.618 Loading class java/util/AbstractList$SubList$1
Event: 3.619 Loading class java/util/AbstractList$SubList$1 done
Event: 3.620 Loading class java/lang/invoke/MethodHandleImpl$CountingWrapper
Event: 3.620 Loading class java/lang/invoke/MethodHandleImpl$CountingWrapper done
Event: 3.638 Loading class java/util/DualPivotQuicksort
Event: 3.638 Loading class java/util/DualPivotQuicksort done
Event: 3.662 Loading class sun/security/provider/MD5
Event: 3.662 Loading class sun/security/provider/MD5 done
Event: 3.662 Loading class sun/security/provider/ByteArrayAccess$LE
Event: 3.662 Loading class sun/security/provider/ByteArrayAccess$LE done
Event: 3.742 Loading class java/security/cert/CertificateException
Event: 3.742 Loading class java/security/cert/CertificateException done
Event: 3.755 Loading class javax/naming/NameNotFoundException
Event: 3.755 Loading class javax/naming/NameNotFoundException done
Event: 3.775 Loading class java/lang/Class$EnclosingMethodInfo
Event: 3.775 Loading class java/lang/Class$EnclosingMethodInfo done

Classes unloaded (0 events):
No events

Classes redefined (0 events):
No events

Internal exceptions (20 events):
Event: 3.607 Thread 0x00000259fd3772a0 Exception <a 'java/lang/NoSuchMethodError'{0x0000000085414c98}: 'java.lang.Object java.lang.invoke.Invokers$Holder.invoke_MT(java.lang.Object, java.lang.Object, java.lang.Object, java.lang.Object, java.lang.Object, java.lang.Object, java.lang.Object, java.lang.Object, java.lang.Object, java.lang.Object)'> (0x0000000085414c98) 
thrown [s\src\hotspot\share\interpreter\linkResolver.cpp, line 759]
Event: 3.610 Thread 0x00000259fd3772a0 Exception <a 'java/lang/NoSuchMethodError'{0x0000000085436db0}: 'int java.lang.invoke.DirectMethodHandle$Holder.invokeVirtual(java.lang.Object, java.lang.Object, java.lang.Object)'> (0x0000000085436db0) 
thrown [s\src\hotspot\share\interpreter\linkResolver.cpp, line 759]
Event: 3.610 Thread 0x00000259fd3772a0 Exception <a 'java/lang/NoSuchMethodError'{0x000000008543b4c8}: 'int java.lang.invoke.DirectMethodHandle$Holder.invokeStaticInit(java.lang.Object, int, int)'> (0x000000008543b4c8) 
thrown [s\src\hotspot\share\interpreter\linkResolver.cpp, line 759]
Event: 3.611 Thread 0x00000259fd3772a0 Exception <a 'java/lang/NoSuchMethodError'{0x0000000085442f60}: 'int java.lang.invoke.DirectMethodHandle$Holder.invokeStaticInit(java.lang.Object, long, long)'> (0x0000000085442f60) 
thrown [s\src\hotspot\share\interpreter\linkResolver.cpp, line 759]
Event: 3.611 Thread 0x00000259fd3772a0 Exception <a 'java/lang/NoSuchMethodError'{0x000000008544a058}: 'int java.lang.invoke.DirectMethodHandle$Holder.invokeStaticInit(java.lang.Object, float, float)'> (0x000000008544a058) 
thrown [s\src\hotspot\share\interpreter\linkResolver.cpp, line 759]
Event: 3.612 Thread 0x00000259fd3772a0 Exception <a 'java/lang/NoSuchMethodError'{0x0000000085451158}: 'int java.lang.invoke.DirectMethodHandle$Holder.invokeStaticInit(java.lang.Object, double, double)'> (0x0000000085451158) 
thrown [s\src\hotspot\share\interpreter\linkResolver.cpp, line 759]
Event: 3.612 Thread 0x00000259fd3772a0 Exception <a 'java/lang/NoSuchMethodError'{0x00000000854559d0}: 'int java.lang.invoke.DirectMethodHandle$Holder.invokeStatic(java.lang.Object, long)'> (0x00000000854559d0) 
thrown [s\src\hotspot\share\interpreter\linkResolver.cpp, line 759]
Event: 3.615 Thread 0x00000259fd3772a0 Exception <a 'java/lang/NoSuchMethodError'{0x000000008547a0b0}: 'int java.lang.invoke.Invokers$Holder.linkToTargetMethod(java.lang.Object, java.lang.Object)'> (0x000000008547a0b0) 
thrown [s\src\hotspot\share\interpreter\linkResolver.cpp, line 759]
Event: 3.619 Thread 0x00000259fd3772a0 Exception <a 'java/lang/NoSuchMethodError'{0x00000000854a00c0}: 'java.lang.Object java.lang.invoke.DirectMethodHandle$Holder.invokeSpecial(java.lang.Object, java.lang.Object, int, java.lang.Object, java.lang.Object)'> (0x00000000854a00c0) 
thrown [s\src\hotspot\share\interpreter\linkResolver.cpp, line 759]
Event: 3.619 Thread 0x00000259fd3772a0 Exception <a 'java/lang/NoSuchMethodError'{0x00000000854a3d68}: 'java.lang.Object java.lang.invoke.DelegatingMethodHandle$Holder.delegate(java.lang.Object, int, java.lang.Object, java.lang.Object)'> (0x00000000854a3d68) 
thrown [s\src\hotspot\share\interpreter\linkResolver.cpp, line 759]
Event: 3.622 Thread 0x00000259fd3772a0 Exception <a 'java/lang/NoSuchMethodError'{0x00000000854b4bd0}: 'int java.lang.invoke.Invokers$Holder.linkToTargetMethod(java.lang.Object, java.lang.Object, java.lang.Object)'> (0x00000000854b4bd0) 
thrown [s\src\hotspot\share\interpreter\linkResolver.cpp, line 759]
Event: 3.662 Thread 0x00000259fd3772a0 Implicit null exception at 0x00000259ed6e10e1 to 0x00000259ed6e12f0
Event: 3.684 Thread 0x00000259fd3772a0 Exception <a 'java/lang/NoClassDefFoundError'{0x0000000085132808}: org/flywaydb/core/Flyway> (0x0000000085132808) 
thrown [s\src\hotspot\share\classfile\systemDictionary.cpp, line 245]
Event: 3.685 Thread 0x00000259fd3772a0 Exception <a 'java/lang/NoClassDefFoundError'{0x0000000085134798}: liquibase/integration/spring/SpringLiquibase> (0x0000000085134798) 
thrown [s\src\hotspot\share\classfile\systemDictionary.cpp, line 245]
Event: 3.693 Thread 0x00000259fd3772a0 Exception <a 'java/lang/NoClassDefFoundError'{0x0000000085191978}: org/springframework/batch/core/repository/JobRepository> (0x0000000085191978) 
thrown [s\src\hotspot\share\classfile\systemDictionary.cpp, line 245]
Event: 3.695 Thread 0x00000259fd3772a0 Exception <a 'java/lang/NoClassDefFoundError'{0x00000000851ad018}: org/springframework/session/jdbc/JdbcIndexedSessionRepository> (0x00000000851ad018) 
thrown [s\src\hotspot\share\classfile\systemDictionary.cpp, line 245]
Event: 3.697 Thread 0x00000259fd3772a0 Exception <a 'java/lang/NoClassDefFoundError'{0x00000000851d4a10}: org/jooq/DSLContext> (0x00000000851d4a10) 
thrown [s\src\hotspot\share\classfile\systemDictionary.cpp, line 245]
Event: 3.765 Thread 0x00000259fd3772a0 Exception <a 'java/lang/NoSuchMethodError'{0x0000000084d89de0}: 'void java.lang.invoke.DirectMethodHandle$Holder.invokeSpecial(java.lang.Object, java.lang.Object, java.lang.Object, java.lang.Object, java.lang.Object, java.lang.Object)'> (0x0000000084d89de0) 
thrown [s\src\hotspot\share\interpreter\linkResolver.cpp, line 759]
Event: 3.768 Thread 0x00000259fd3772a0 Implicit null exception at 0x00000259ed89bfa6 to 0x00000259ed8a0e14
Event: 3.800 Thread 0x00000259fd3772a0 Exception <a 'java/lang/IncompatibleClassChangeError'{0x0000000084cea380}: Found class java.lang.Object, but interface was expected> (0x0000000084cea380) 
thrown [s\src\hotspot\share\interpreter\linkResolver.cpp, line 826]

VM Operations (20 events):
Event: 3.081 Executing VM operation: HandshakeAllThreads
Event: 3.081 Executing VM operation: HandshakeAllThreads done
Event: 3.082 Executing VM operation: HandshakeAllThreads
Event: 3.082 Executing VM operation: HandshakeAllThreads done
Event: 3.160 Executing VM operation: ICBufferFull
Event: 3.160 Executing VM operation: ICBufferFull done
Event: 3.180 Executing VM operation: HandshakeAllThreads
Event: 3.180 Executing VM operation: HandshakeAllThreads done
Event: 3.267 Executing VM operation: G1CollectForAllocation
Event: 3.275 Executing VM operation: G1CollectForAllocation done
Event: 3.594 Executing VM operation: HandshakeAllThreads
Event: 3.594 Executing VM operation: HandshakeAllThreads done
Event: 3.598 Executing VM operation: HandshakeAllThreads
Event: 3.598 Executing VM operation: HandshakeAllThreads done
Event: 3.781 Executing VM operation: HandshakeAllThreads
Event: 3.781 Executing VM operation: HandshakeAllThreads done
Event: 3.822 Executing VM operation: ICBufferFull
Event: 3.822 Executing VM operation: ICBufferFull done
Event: 3.833 Executing VM operation: HandshakeAllThreads
Event: 3.833 Executing VM operation: HandshakeAllThreads done

Memory protections (0 events):
No events

Nmethod flushes (0 events):
No events

Events (20 events):
Event: 0.025 Thread 0x00000259de05a130 Thread added: 0x00000259fc4815c0
Event: 0.039 Thread 0x00000259de05a130 Thread added: 0x00000259fc49a690
Event: 0.039 Thread 0x00000259de05a130 Thread added: 0x00000259fc49df80
Event: 0.039 Thread 0x00000259de05a130 Thread added: 0x00000259fc49e940
Event: 0.039 Thread 0x00000259de05a130 Thread added: 0x00000259fc49f300
Event: 0.040 Thread 0x00000259de05a130 Thread added: 0x00000259fc4a4bc0
Event: 0.040 Thread 0x00000259de05a130 Thread added: 0x00000259fc4a5670
Event: 0.040 Thread 0x00000259de05a130 Thread added: 0x00000259fc4d3400
Event: 0.141 Thread 0x00000259de05a130 Thread added: 0x00000259fc6c3f70
Event: 0.143 Thread 0x00000259de05a130 Thread added: 0x00000259fc6c8b20
Event: 0.168 Thread 0x00000259fc4a5670 Thread added: 0x00000259fc786140
Event: 0.370 Thread 0x00000259fc4a5670 Thread added: 0x00000259fcec4b60
Event: 0.771 Thread 0x00000259de05a130 Thread added: 0x00000259fd0d7600
Event: 0.777 Thread 0x00000259fd0d7600 Thread added: 0x00000259fd3772a0
Event: 1.131 Thread 0x00000259fd3772a0 Thread added: 0x00000259fd541010
Event: 1.136 Thread 0x00000259fd541010 Thread exited: 0x00000259fd541010
Event: 1.277 Thread 0x00000259fd3772a0 Thread added: 0x00000259fd542450
Event: 2.030 Thread 0x00000259fd542450 Thread exited: 0x00000259fd542450
Event: 2.141 Thread 0x00000259fd3772a0 Thread added: 0x00000259fd5405f0
Event: 2.211 Thread 0x00000259fd5405f0 Thread exited: 0x00000259fd5405f0


Dynamic libraries:
0x00007ff768b10000 - 0x00007ff768b1e000 	C:\Program Files\Eclipse Adoptium\jdk-17.0.15.6-hotspot\bin\java.exe
0x00007ffc75250000 - 0x00007ffc75448000 	C:\WINDOWS\SYSTEM32\ntdll.dll
0x00007ffc75140000 - 0x00007ffc75202000 	C:\WINDOWS\System32\KERNEL32.DLL
0x00007ffc72e10000 - 0x00007ffc73106000 	C:\WINDOWS\System32\KERNELBASE.dll
0x00007ffc72910000 - 0x00007ffc72a10000 	C:\WINDOWS\System32\ucrtbase.dll
0x00007ffc5f460000 - 0x00007ffc5f47e000 	C:\Program Files\Eclipse Adoptium\jdk-17.0.15.6-hotspot\bin\VCRUNTIME140.dll
0x00007ffc6bec0000 - 0x00007ffc6bed7000 	C:\Program Files\Eclipse Adoptium\jdk-17.0.15.6-hotspot\bin\jli.dll
0x00007ffc749d0000 - 0x00007ffc74b6d000 	C:\WINDOWS\System32\USER32.dll
0x00007ffc639d0000 - 0x00007ffc63c6a000 	C:\WINDOWS\WinSxS\amd64_microsoft.windows.common-controls_6595b64144ccf1df_6.0.19041.5915_none_60b4b9d171f9c7c7\COMCTL32.dll
0x00007ffc72de0000 - 0x00007ffc72e02000 	C:\WINDOWS\System32\win32u.dll
0x00007ffc73420000 - 0x00007ffc734be000 	C:\WINDOWS\System32\msvcrt.dll
0x00007ffc74560000 - 0x00007ffc7458b000 	C:\WINDOWS\System32\GDI32.dll
0x00007ffc72af0000 - 0x00007ffc72c09000 	C:\WINDOWS\System32\gdi32full.dll
0x00007ffc72c10000 - 0x00007ffc72cad000 	C:\WINDOWS\System32\msvcp_win.dll
0x00007ffc74b70000 - 0x00007ffc74b9f000 	C:\WINDOWS\System32\IMM32.DLL
0x00007ffc6f9d0000 - 0x00007ffc6f9dc000 	C:\Program Files\Eclipse Adoptium\jdk-17.0.15.6-hotspot\bin\vcruntime140_1.dll
0x00007ffc4dd80000 - 0x00007ffc4de0d000 	C:\Program Files\Eclipse Adoptium\jdk-17.0.15.6-hotspot\bin\msvcp140.dll
0x00007ffc0bde0000 - 0x00007ffc0ca4b000 	C:\Program Files\Eclipse Adoptium\jdk-17.0.15.6-hotspot\bin\server\jvm.dll
0x00007ffc74150000 - 0x00007ffc74201000 	C:\WINDOWS\System32\ADVAPI32.dll
0x00007ffc73c30000 - 0x00007ffc73ccf000 	C:\WINDOWS\System32\sechost.dll
0x00007ffc748a0000 - 0x00007ffc749c3000 	C:\WINDOWS\System32\RPCRT4.dll
0x00007ffc728e0000 - 0x00007ffc72907000 	C:\WINDOWS\System32\bcrypt.dll
0x00007ffc743b0000 - 0x00007ffc7441b000 	C:\WINDOWS\System32\WS2_32.dll
0x00007ffc722c0000 - 0x00007ffc7230b000 	C:\WINDOWS\SYSTEM32\POWRPROF.dll
0x00007ffc64520000 - 0x00007ffc64547000 	C:\WINDOWS\SYSTEM32\WINMM.dll
0x00007ffc6af10000 - 0x00007ffc6af1a000 	C:\WINDOWS\SYSTEM32\VERSION.dll
0x00007ffc722a0000 - 0x00007ffc722b2000 	C:\WINDOWS\SYSTEM32\UMPDC.dll
0x00007ffc70780000 - 0x00007ffc70792000 	C:\WINDOWS\SYSTEM32\kernel.appcore.dll
0x00007ffc6f870000 - 0x00007ffc6f87a000 	C:\Program Files\Eclipse Adoptium\jdk-17.0.15.6-hotspot\bin\jimage.dll
0x00007ffc64590000 - 0x00007ffc64791000 	C:\WINDOWS\SYSTEM32\DBGHELP.DLL
0x00007ffc63c70000 - 0x00007ffc63ca4000 	C:\WINDOWS\SYSTEM32\dbgcore.DLL
0x00007ffc72a60000 - 0x00007ffc72ae2000 	C:\WINDOWS\System32\bcryptPrimitives.dll
0x00007ffc548e0000 - 0x00007ffc54905000 	C:\Program Files\Eclipse Adoptium\jdk-17.0.15.6-hotspot\bin\java.dll
0x00007ffc466e0000 - 0x00007ffc467b7000 	C:\Program Files\Eclipse Adoptium\jdk-17.0.15.6-hotspot\bin\jsvml.dll
0x00007ffc734c0000 - 0x00007ffc73c2e000 	C:\WINDOWS\System32\SHELL32.dll
0x00007ffc70980000 - 0x00007ffc71124000 	C:\WINDOWS\SYSTEM32\windows.storage.dll
0x00007ffc74ba0000 - 0x00007ffc74ef3000 	C:\WINDOWS\System32\combase.dll
0x00007ffc72310000 - 0x00007ffc7233b000 	C:\WINDOWS\SYSTEM32\Wldp.dll
0x00007ffc74590000 - 0x00007ffc7465d000 	C:\WINDOWS\System32\OLEAUT32.dll
0x00007ffc75090000 - 0x00007ffc7513d000 	C:\WINDOWS\System32\SHCORE.dll
0x00007ffc74320000 - 0x00007ffc7437b000 	C:\WINDOWS\System32\shlwapi.dll
0x00007ffc72810000 - 0x00007ffc72835000 	C:\WINDOWS\SYSTEM32\profapi.dll
0x00007ffc5d790000 - 0x00007ffc5d7a9000 	C:\Program Files\Eclipse Adoptium\jdk-17.0.15.6-hotspot\bin\net.dll
0x00007ffc6cde0000 - 0x00007ffc6ceea000 	C:\WINDOWS\SYSTEM32\WINHTTP.dll
0x00007ffc71fa0000 - 0x00007ffc7200a000 	C:\WINDOWS\system32\mswsock.dll
0x00007ffc5d610000 - 0x00007ffc5d626000 	C:\Program Files\Eclipse Adoptium\jdk-17.0.15.6-hotspot\bin\nio.dll
0x00007ffc5d9b0000 - 0x00007ffc5d9c8000 	C:\Program Files\Eclipse Adoptium\jdk-17.0.15.6-hotspot\bin\zip.dll
0x00007ffc64f10000 - 0x00007ffc64f1a000 	C:\Program Files\Eclipse Adoptium\jdk-17.0.15.6-hotspot\bin\management.dll
0x00007ffc64d80000 - 0x00007ffc64d8b000 	C:\Program Files\Eclipse Adoptium\jdk-17.0.15.6-hotspot\bin\management_ext.dll
0x00007ffc74140000 - 0x00007ffc74148000 	C:\WINDOWS\System32\PSAPI.DLL
0x00007ffc71c80000 - 0x00007ffc71cbb000 	C:\WINDOWS\SYSTEM32\IPHLPAPI.DLL
0x00007ffc75080000 - 0x00007ffc75088000 	C:\WINDOWS\System32\NSI.dll
0x00007ffc6eeb0000 - 0x00007ffc6eec7000 	C:\WINDOWS\SYSTEM32\dhcpcsvc6.DLL
0x00007ffc6eae0000 - 0x00007ffc6eafd000 	C:\WINDOWS\SYSTEM32\dhcpcsvc.DLL
0x00007ffc71cc0000 - 0x00007ffc71d8a000 	C:\WINDOWS\SYSTEM32\DNSAPI.dll
0x00007ffc6bfe0000 - 0x00007ffc6bfea000 	C:\Windows\System32\rasadhlp.dll
0x00007ffc6b220000 - 0x00007ffc6b2a0000 	C:\WINDOWS\System32\fwpuclnt.dll
0x00007ffc63760000 - 0x00007ffc6376e000 	C:\Program Files\Eclipse Adoptium\jdk-17.0.15.6-hotspot\bin\sunmscapi.dll
0x00007ffc73110000 - 0x00007ffc7326d000 	C:\WINDOWS\System32\CRYPT32.dll
0x00007ffc72380000 - 0x00007ffc723a7000 	C:\WINDOWS\SYSTEM32\ncrypt.dll
0x00007ffc72340000 - 0x00007ffc7237b000 	C:\WINDOWS\SYSTEM32\NTASN1.dll

dbghelp: loaded successfully - version: 4.0.5 - missing functions: none
symbol engine: initialized successfully - sym options: 0x614 - pdb path: .;C:\Program Files\Eclipse Adoptium\jdk-17.0.15.6-hotspot\bin;C:\WINDOWS\SYSTEM32;C:\WINDOWS\WinSxS\amd64_microsoft.windows.common-controls_6595b64144ccf1df_6.0.19041.5915_none_60b4b9d171f9c7c7;C:\Program Files\Eclipse Adoptium\jdk-17.0.15.6-hotspot\bin\server

VM Arguments:
jvm_args: -Dfile.encoding=UTF-8 -Duser.country=KR -Duser.language=ko -Duser.variant 
java_command: com.Fitory.fitory.FitoryApplication
java_class_path (initial): C:\Users\human\Desktop\test\Fitory\fitory\build\classes\java\main;C:\Users\human\Desktop\test\Fitory\fitory\build\resources\main;C:\Users\human\.gradle\caches\modules-2\files-2.1\org.springframework.boot\spring-boot-devtools\3.4.5\e550ba7011bb36dde3cafb1d1d88b655657bf2e2\spring-boot-devtools-3.4.5.jar;C:\Users\human\.gradle\caches\modules-2\files-2.1\org.springframework.boot\spring-boot-starter-data-jpa\3.4.5\c6ef06dfef1b02f3e3f82d67118d3944672e7d49\spring-boot-starter-data-jpa-3.4.5.jar;C:\Users\human\.gradle\caches\modules-2\files-2.1\org.springframework.boot\spring-boot-starter-quartz\3.4.5\722af2cba258d0b01a58ba0caccec6f8fd130846\spring-boot-starter-quartz-3.4.5.jar;C:\Users\human\.gradle\caches\modules-2\files-2.1\org.springframework.boot\spring-boot-starter-security\3.4.5\1893f9d40f28cc47a87a3478b02e1e45650bfe43\spring-boot-starter-security-3.4.5.jar;C:\Users\human\.gradle\caches\modules-2\files-2.1\org.springframework.boot\spring-boot-starter-thymeleaf\3.4.5\6564b6a1c10118e662cb8c776eef27d76c0ff78d\spring-boot-starter-thymeleaf-3.4.5.jar;C:\Users\human\.gradle\caches\modules-2\files-2.1\org.springframework.boot\spring-boot-starter-validation\3.4.5\ac75735317fbb71d00829559d1a0a21978989f0\spring-boot-starter-validation-3.4.5.jar;C:\Users\human\.gradle\caches\modules-2\files-2.1\org.springframework.boot\spring-boot-starter-web\3.4.5\54cb03e8615f0c10cd44b5b7d155af3d0be7d66a\spring-boot-starter-web-3.4.5.jar;C:\Users\human\.gradle\caches\modules-2\files-2.1\org.springframework.cloud\spring-cloud-starter-openfeign\4.2.1\8b540b5e5428b587626dfed06dc2c85e36d5841c\spring-cloud-starter-openfeign-4.2.1.jar;C:\Users\human\.gradle\caches\modules-2\files-2.1\org.springframework.session\spring-session-core\3.4.3\f1d22526eeb0a4702fd3acebcc1d089d24d3c737\spring-session-core-3.4.3.jar;C:\Users\human\.gradle\caches\modules-2\files-2.1\javax.servlet\jstl\1.2\74aca283cd4f4b4f3e425f5820cda58f44409547\jstl-1.2.jar;C:\Users\human\.gradle\caches\modules-2\
Launcher Type: SUN_STANDARD

[Global flags]
     intx CICompilerCount                          = 4                                         {product} {ergonomic}
     uint ConcGCThreads                            = 2                                         {product} {ergonomic}
     uint G1ConcRefinementThreads                  = 8                                         {product} {ergonomic}
   size_t G1HeapRegionSize                         = 1048576                                   {product} {ergonomic}
    uintx GCDrainStackTargetSize                   = 64                                        {product} {ergonomic}
   size_t InitialHeapSize                          = 134217728                                 {product} {ergonomic}
   size_t MarkStackSize                            = 4194304                                   {product} {ergonomic}
   size_t MaxHeapSize                              = 2128609280                                {product} {ergonomic}
   size_t MaxNewSize                               = 1277165568                                {product} {ergonomic}
   size_t MinHeapDeltaBytes                        = 1048576                                   {product} {ergonomic}
   size_t MinHeapSize                              = 8388608                                   {product} {ergonomic}
    uintx NonNMethodCodeHeapSize                   = 5839372                                {pd product} {ergonomic}
    uintx NonProfiledCodeHeapSize                  = 122909434                              {pd product} {ergonomic}
    uintx ProfiledCodeHeapSize                     = 122909434                              {pd product} {ergonomic}
    uintx ReservedCodeCacheSize                    = 251658240                              {pd product} {ergonomic}
     bool SegmentedCodeCache                       = true                                      {product} {ergonomic}
   size_t SoftMaxHeapSize                          = 2128609280                             {manageable} {ergonomic}
     bool UseCompressedClassPointers               = true                           {product lp64_product} {ergonomic}
     bool UseCompressedOops                        = true                           {product lp64_product} {ergonomic}
     bool UseG1GC                                  = true                                      {product} {ergonomic}
     bool UseLargePagesIndividualAllocation        = false                                  {pd product} {ergonomic}

Logging:
Log output configuration:
 #0: stdout all=warning uptime,level,tags
 #1: stderr all=off uptime,level,tags

Environment Variables:
JAVA_HOME=C:\Program Files\Java\jdk-17
PATH=C:\Program Files\Eclipse Adoptium\jdk-17.0.15.6-hotspot\bin;C:\WINDOWS\system32;C:\WINDOWS;C:\WINDOWS\System32\Wbem;C:\WINDOWS\System32\WindowsPowerShell\v1.0\;C:\WINDOWS\System32\OpenSSH\;C:\Program Files\Bandizip\;C:\Program Files\Git\cmd;C:\python310\;C:\python310\Scripts\;C:\python310\Scripts\;C:\python310\;C:\Users\human\AppData\Local\Microsoft\WindowsApps;C:\Program Files\Java\jdk-17\bin;C:\Users\human\AppData\Local\Programs\Microsoft VS Code\bin;C:\Program Files\JetBrains\IntelliJ IDEA Community Edition 2025.1.1.1\bin;
USERNAME=human
OS=Windows_NT
PROCESSOR_IDENTIFIER=Intel64 Family 6 Model 60 Stepping 3, GenuineIntel
TMP=C:\Users\human\AppData\Local\Temp
TEMP=C:\Users\human\AppData\Local\Temp



Periodic native trim disabled


---------------  S Y S T E M  ---------------

OS:
 Windows 10 , 64 bit Build 19041 (10.0.19041.5915)
OS uptime: 15 days 7:49 hours

CPU: total 8 (initial active 8) (4 cores per cpu, 2 threads per core) family 6 model 60 stepping 3 microcode 0x27, cx8, cmov, fxsr, ht, mmx, sse, sse2, sse3, ssse3, sse4.1, sse4.2, popcnt, lzcnt, tsc, tscinvbit, avx, avx2, aes, erms, clmul, bmi1, bmi2, fma, vzeroupper, clflush
Processor Information for all 8 processors :
  Max Mhz: 3401, Current Mhz: 3401, Mhz Limit: 3401

Memory: 4k page, system-wide physical 8113M (664M free)
TotalPageFile size 23302M (AvailPageFile size 5M)
current process WorkingSet (physical memory assigned to process): 215M, peak: 215M
current process commit charge ("private bytes"): 258M, peak: 281M

vm_info: OpenJDK 64-Bit Server VM (17.0.15+6) for windows-amd64 JRE (17.0.15+6), built on Apr 15 2025 21:25:47 by "admin" with MS VC++ 17.7 (VS2022)

END.
