#
# There is insufficient memory for the Java Runtime Environment to continue.
# Native memory allocation (malloc) failed to allocate 830096 bytes. Error detail: Chunk::new
# Possible reasons:
#   The system is out of physical RAM or swap space
#   This process is running with CompressedOops enabled, and the Java Heap may be blocking the growth of the native heap
# Possible solutions:
#   Reduce memory load on the system
#   Increase physical memory or swap space
#   Check if swap backing store is full
#   Decrease Java heap size (-Xmx/-Xms)
#   Decrease number of Java threads
#   Decrease Java thread stack sizes (-Xss)
#   Set larger code cache with -XX:ReservedCodeCacheSize=
#   JVM is running with Unscaled Compressed Oops mode in which the Java heap is
#     placed in the first 4GB address space. The Java Heap base address is the
#     maximum limit for the native heap growth. Please use -XX:HeapBaseMinAddress
#     to set the Java Heap base and to place the Java Heap above 4GB virtual address.
# This output file may be truncated or incomplete.
#
#  Out of Memory Error (arena.cpp:191), pid=25672, tid=15020
#
# JRE version: OpenJDK Runtime Environment Temurin-17.0.15+6 (17.0.15+6) (build 17.0.15+6)
# Java VM: OpenJDK 64-Bit Server VM Temurin-17.0.15+6 (17.0.15+6, mixed mode, sharing, tiered, compressed oops, compressed class ptrs, g1 gc, windows-amd64)
# No core dump will be written. Minidumps are not enabled by default on client versions of Windows
#

---------------  S U M M A R Y ------------

Command Line: -Dfile.encoding=UTF-8 -Duser.country=KR -Duser.language=ko -Duser.variant com.Fitory.fitory.FitoryApplication

Host: Intel(R) Core(TM) i7-4770 CPU @ 3.40GHz, 8 cores, 7G,  Windows 10 , 64 bit Build 19041 (10.0.19041.5915)
Time: Fri Jun 27 17:01:40 2025  Windows 10 , 64 bit Build 19041 (10.0.19041.5915) elapsed time: 13.472537 seconds (0d 0h 0m 13s)

---------------  T H R E A D  ---------------

Current thread (0x000002816ab067d0):  JavaThread "C2 CompilerThread2" daemon [_thread_in_native, id=15020, stack(0x0000008c68000000,0x0000008c68100000)]


Current CompileTask:
C2:  13472 8657   !   4       java.net.URL::<init> (543 bytes)

Stack: [0x0000008c68000000,0x0000008c68100000]
Native frames: (J=compiled Java code, j=interpreted, Vv=VM code, C=native code)
V  [jvm.dll+0x682fc9]
V  [jvm.dll+0x839878]
V  [jvm.dll+0x83b323]
V  [jvm.dll+0x83b993]
V  [jvm.dll+0x24725f]
V  [jvm.dll+0xacea4]
V  [jvm.dll+0xad53c]
V  [jvm.dll+0x365c1f]
V  [jvm.dll+0x32fe58]
V  [jvm.dll+0x32f2da]
V  [jvm.dll+0x21824f]
V  [jvm.dll+0x21768f]
V  [jvm.dll+0x1a31b0]
V  [jvm.dll+0x227a9c]
V  [jvm.dll+0x225bfb]
V  [jvm.dll+0x7ef018]
V  [jvm.dll+0x7e94dc]
V  [jvm.dll+0x681ea7]
C  [ucrtbase.dll+0x21bb2]
C  [KERNEL32.DLL+0x17374]
C  [ntdll.dll+0x4cc91]


---------------  P R O C E S S  ---------------

Threads class SMR info:
_java_thread_list=0x000002816fb19950, length=44, elements={
0x000002812406fec0, 0x0000028124070d40, 0x0000028124087040, 0x0000028124087c00,
0x000002812408c5f0, 0x000002812408cfb0, 0x0000028124095280, 0x000002812409efb0,
0x00000281240a4ce0, 0x0000028124267a30, 0x0000028124267010, 0x0000028124268960,
0x0000028124267520, 0x0000028124268450, 0x0000028124268e70, 0x0000028124266b00,
0x00000281241fd450, 0x00000281241fd960, 0x00000281242006f0, 0x00000281241fde70,
0x00000281242001e0, 0x0000028124200c00, 0x00000281241fe890, 0x00000281241fe380,
0x00000281241feda0, 0x00000281241ffcd0, 0x00000281241ff2b0, 0x000002816fb9e300,
0x000002816fb9fc50, 0x000002816fb9f740, 0x000002816fb9c9b0, 0x000002816fba0160,
0x000002816fb9ddf0, 0x000002816fba0670, 0x000002816fba24d0, 0x000002816fb9e810,
0x000002816fba0b80, 0x000002816fb9b060, 0x000002816fb9ed20, 0x000002816fb9f230,
0x000002816fba1090, 0x000002816fba15a0, 0x000002816ab0bcd0, 0x000002816ab067d0
}

Java Threads: ( => current thread )
  0x000002812406fec0 JavaThread "Reference Handler" daemon [_thread_blocked, id=22136, stack(0x0000008c67300000,0x0000008c67400000)]
  0x0000028124070d40 JavaThread "Finalizer" daemon [_thread_blocked, id=13912, stack(0x0000008c67400000,0x0000008c67500000)]
  0x0000028124087040 JavaThread "Signal Dispatcher" daemon [_thread_blocked, id=25328, stack(0x0000008c67500000,0x0000008c67600000)]
  0x0000028124087c00 JavaThread "Attach Listener" daemon [_thread_blocked, id=11276, stack(0x0000008c67600000,0x0000008c67700000)]
  0x000002812408c5f0 JavaThread "Service Thread" daemon [_thread_blocked, id=24808, stack(0x0000008c67700000,0x0000008c67800000)]
  0x000002812408cfb0 JavaThread "Monitor Deflation Thread" daemon [_thread_blocked, id=20108, stack(0x0000008c67800000,0x0000008c67900000)]
  0x0000028124095280 JavaThread "C2 CompilerThread0" daemon [_thread_in_native, id=25316, stack(0x0000008c67900000,0x0000008c67a00000)]
  0x000002812409efb0 JavaThread "C1 CompilerThread0" daemon [_thread_in_native, id=20040, stack(0x0000008c67a00000,0x0000008c67b00000)]
  0x00000281240a4ce0 JavaThread "Sweeper thread" daemon [_thread_blocked, id=25296, stack(0x0000008c67b00000,0x0000008c67c00000)]
  0x0000028124267a30 JavaThread "Notification Thread" daemon [_thread_blocked, id=23008, stack(0x0000008c67c00000,0x0000008c67d00000)]
  0x0000028124267010 JavaThread "Common-Cleaner" daemon [_thread_blocked, id=12408, stack(0x0000008c67e00000,0x0000008c67f00000)]
  0x0000028124268960 JavaThread "Catalina-utility-1" [_thread_blocked, id=21668, stack(0x0000008c68b00000,0x0000008c68c00000)]
  0x0000028124267520 JavaThread "Catalina-utility-2" [_thread_blocked, id=4468, stack(0x0000008c68e00000,0x0000008c68f00000)]
  0x0000028124268450 JavaThread "container-0" [_thread_blocked, id=19832, stack(0x0000008c68f00000,0x0000008c69000000)]
  0x0000028124268e70 JavaThread "HikariPool-1 housekeeper" daemon [_thread_blocked, id=2832, stack(0x0000008c69100000,0x0000008c69200000)]
  0x0000028124266b00 JavaThread "quartzScheduler_Worker-1" [_thread_blocked, id=10364, stack(0x0000008c69300000,0x0000008c69400000)]
  0x00000281241fd450 JavaThread "quartzScheduler_Worker-2" [_thread_blocked, id=24672, stack(0x0000008c69400000,0x0000008c69500000)]
  0x00000281241fd960 JavaThread "quartzScheduler_Worker-3" [_thread_blocked, id=25192, stack(0x0000008c69500000,0x0000008c69600000)]
  0x00000281242006f0 JavaThread "quartzScheduler_Worker-4" [_thread_blocked, id=19200, stack(0x0000008c69600000,0x0000008c69700000)]
  0x00000281241fde70 JavaThread "quartzScheduler_Worker-5" [_thread_blocked, id=25180, stack(0x0000008c69700000,0x0000008c69800000)]
  0x00000281242001e0 JavaThread "quartzScheduler_Worker-6" [_thread_blocked, id=10272, stack(0x0000008c69800000,0x0000008c69900000)]
  0x0000028124200c00 JavaThread "quartzScheduler_Worker-7" [_thread_blocked, id=7004, stack(0x0000008c69900000,0x0000008c69a00000)]
  0x00000281241fe890 JavaThread "quartzScheduler_Worker-8" [_thread_blocked, id=17404, stack(0x0000008c69a00000,0x0000008c69b00000)]
  0x00000281241fe380 JavaThread "quartzScheduler_Worker-9" [_thread_blocked, id=4928, stack(0x0000008c69b00000,0x0000008c69c00000)]
  0x00000281241feda0 JavaThread "quartzScheduler_Worker-10" [_thread_blocked, id=22264, stack(0x0000008c69c00000,0x0000008c69d00000)]
  0x00000281241ffcd0 JavaThread "quartzScheduler_QuartzSchedulerThread" [_thread_blocked, id=19316, stack(0x0000008c69d00000,0x0000008c69e00000)]
  0x00000281241ff2b0 JavaThread "File Watcher" daemon [_thread_blocked, id=19252, stack(0x0000008c69e00000,0x0000008c69f00000)]
  0x000002816fb9e300 JavaThread "Live Reload Server" daemon [_thread_in_native, id=4572, stack(0x0000008c6a000000,0x0000008c6a100000)]
  0x000002816fb9fc50 JavaThread "spring.cloud.inetutils" daemon [_thread_blocked, id=22920, stack(0x0000008c69f00000,0x0000008c6a000000)]
  0x000002816fb9f740 JavaThread "http-nio-8080-exec-1" daemon [_thread_in_vm, id=11320, stack(0x0000008c6a100000,0x0000008c6a200000)]
  0x000002816fb9c9b0 JavaThread "http-nio-8080-exec-2" daemon [_thread_blocked, id=25240, stack(0x0000008c6a200000,0x0000008c6a300000)]
  0x000002816fba0160 JavaThread "http-nio-8080-exec-3" daemon [_thread_blocked, id=24616, stack(0x0000008c6a300000,0x0000008c6a400000)]
  0x000002816fb9ddf0 JavaThread "http-nio-8080-exec-4" daemon [_thread_blocked, id=13108, stack(0x0000008c6a400000,0x0000008c6a500000)]
  0x000002816fba0670 JavaThread "http-nio-8080-exec-5" daemon [_thread_blocked, id=21060, stack(0x0000008c6a500000,0x0000008c6a600000)]
  0x000002816fba24d0 JavaThread "http-nio-8080-exec-6" daemon [_thread_blocked, id=7508, stack(0x0000008c6a600000,0x0000008c6a700000)]
  0x000002816fb9e810 JavaThread "http-nio-8080-exec-7" daemon [_thread_blocked, id=22912, stack(0x0000008c6a700000,0x0000008c6a800000)]
  0x000002816fba0b80 JavaThread "http-nio-8080-exec-8" daemon [_thread_blocked, id=12784, stack(0x0000008c6a800000,0x0000008c6a900000)]
  0x000002816fb9b060 JavaThread "http-nio-8080-exec-9" daemon [_thread_blocked, id=21764, stack(0x0000008c6a900000,0x0000008c6aa00000)]
  0x000002816fb9ed20 JavaThread "http-nio-8080-exec-10" daemon [_thread_blocked, id=10352, stack(0x0000008c6aa00000,0x0000008c6ab00000)]
  0x000002816fb9f230 JavaThread "http-nio-8080-Poller" daemon [_thread_in_native, id=23004, stack(0x0000008c6ab00000,0x0000008c6ac00000)]
  0x000002816fba1090 JavaThread "http-nio-8080-Acceptor" daemon [_thread_in_native, id=2200, stack(0x0000008c6ac00000,0x0000008c6ad00000)]
  0x000002816fba15a0 JavaThread "DestroyJavaVM" [_thread_blocked, id=8928, stack(0x0000008c66c00000,0x0000008c66d00000)]
  0x000002816ab0bcd0 JavaThread "C2 CompilerThread1" daemon [_thread_in_native, id=24296, stack(0x0000008c67f00000,0x0000008c68000000)]
=>0x000002816ab067d0 JavaThread "C2 CompilerThread2" daemon [_thread_in_native, id=15020, stack(0x0000008c68000000,0x0000008c68100000)]

Other Threads:
  0x0000028124069b60 VMThread "VM Thread" [stack: 0x0000008c67200000,0x0000008c67300000] [id=21480]
  0x000002812428d700 WatcherThread [stack: 0x0000008c67d00000,0x0000008c67e00000] [id=20064]
  0x0000028105cb63f0 GCTaskThread "GC Thread#0" [stack: 0x0000008c66d00000,0x0000008c66e00000] [id=14440]
  0x000002816a1d3530 GCTaskThread "GC Thread#1" [stack: 0x0000008c68100000,0x0000008c68200000] [id=2192]
  0x000002816a319cb0 GCTaskThread "GC Thread#2" [stack: 0x0000008c68200000,0x0000008c68300000] [id=26096]
  0x0000028124d58a40 GCTaskThread "GC Thread#3" [stack: 0x0000008c68300000,0x0000008c68400000] [id=22316]
  0x000002816a217130 GCTaskThread "GC Thread#4" [stack: 0x0000008c68800000,0x0000008c68900000] [id=23844]
  0x000002816a2173f0 GCTaskThread "GC Thread#5" [stack: 0x0000008c68900000,0x0000008c68a00000] [id=10108]
  0x000002816a217ab0 GCTaskThread "GC Thread#6" [stack: 0x0000008c68a00000,0x0000008c68b00000] [id=22824]
  0x000002816b37f540 GCTaskThread "GC Thread#7" [stack: 0x0000008c68c00000,0x0000008c68d00000] [id=19612]
  0x0000028105cc7100 ConcurrentGCThread "G1 Main Marker" [stack: 0x0000008c66e00000,0x0000008c66f00000] [id=7992]
  0x0000028105cc82c0 ConcurrentGCThread "G1 Conc#0" [stack: 0x0000008c66f00000,0x0000008c67000000] [id=16140]
  0x000002816ba72de0 ConcurrentGCThread "G1 Conc#1" [stack: 0x0000008c68d00000,0x0000008c68e00000] [id=24096]
  0x0000028105cfe960 ConcurrentGCThread "G1 Refine#0" [stack: 0x0000008c67000000,0x0000008c67100000] [id=19624]
  0x000002816a319f70 ConcurrentGCThread "G1 Refine#1" [stack: 0x0000008c68400000,0x0000008c68500000] [id=24220]
  0x000002816a01bd00 ConcurrentGCThread "G1 Refine#2" [stack: 0x0000008c68500000,0x0000008c68600000] [id=9660]
  0x0000028123f20500 ConcurrentGCThread "G1 Service" [stack: 0x0000008c67100000,0x0000008c67200000] [id=15232]

Threads with active compile tasks:
C2 CompilerThread0    13505 8690       4       java.lang.invoke.LambdaForm$Name::replaceNames (175 bytes)
C2 CompilerThread1    13505 8588       4       org.springframework.core.ResolvableType::forType (112 bytes)
C2 CompilerThread2    13505 8657   !   4       java.net.URL::<init> (543 bytes)

VM state: not at safepoint (normal execution)

VM Mutex/Monitor currently owned by a thread: None

Heap address: 0x0000000081200000, size: 2030 MB, Compressed Oops mode: 32-bit

CDS archive(s) mapped at: [0x0000028125000000-0x0000028125bb0000-0x0000028125bb0000), size 12255232, SharedBaseAddress: 0x0000028125000000, ArchiveRelocationMode: 1.
Compressed class space mapped at: 0x0000028126000000-0x0000028166000000, reserved size: 1073741824
Narrow klass base: 0x0000028125000000, Narrow klass shift: 0, Narrow klass range: 0x100000000

GC Precious Log:
 CPUs: 8 total, 8 available
 Memory: 8113M
 Large Page Support: Disabled
 NUMA Support: Disabled
 Compressed Oops: Enabled (32-bit)
 Heap Region Size: 1M
 Heap Min Capacity: 8M
 Heap Initial Capacity: 128M
 Heap Max Capacity: 2030M
 Pre-touch: Disabled
 Parallel Workers: 8
 Concurrent Workers: 2
 Concurrent Refinement Workers: 8
 Periodic GC: Disabled

Heap:
 garbage-first heap   total 202752K, used 95728K [0x0000000081200000, 0x0000000100000000)
  region size 1024K, 45 young (46080K), 6 survivors (6144K)
 Metaspace       used 82367K, committed 83136K, reserved 1179648K
  class space    used 11436K, committed 11840K, reserved 1048576K

Heap Regions: E=young(eden), S=young(survivor), O=old, HS=humongous(starts), HC=humongous(continues), CS=collection set, F=free, OA=open archive, CA=closed archive, TAMS=top-at-mark-start (previous, next)
|   0|0x0000000081200000, 0x0000000081300000, 0x0000000081300000|100%|HS|  |TAMS 0x0000000081300000, 0x0000000081200000| Complete 
|   1|0x0000000081300000, 0x0000000081400000, 0x0000000081400000|100%|HS|  |TAMS 0x0000000081400000, 0x0000000081300000| Complete 
|   2|0x0000000081400000, 0x0000000081500000, 0x0000000081500000|100%|HS|  |TAMS 0x0000000081500000, 0x0000000081400000| Complete 
|   3|0x0000000081500000, 0x0000000081600000, 0x0000000081600000|100%| O|  |TAMS 0x0000000081600000, 0x0000000081500000| Untracked 
|   4|0x0000000081600000, 0x0000000081700000, 0x0000000081700000|100%| O|  |TAMS 0x0000000081700000, 0x0000000081600000| Untracked 
|   5|0x0000000081700000, 0x0000000081800000, 0x0000000081800000|100%| O|  |TAMS 0x0000000081800000, 0x0000000081700000| Untracked 
|   6|0x0000000081800000, 0x0000000081900000, 0x0000000081900000|100%| O|  |TAMS 0x0000000081900000, 0x0000000081800000| Untracked 
|   7|0x0000000081900000, 0x0000000081a00000, 0x0000000081a00000|100%| O|  |TAMS 0x0000000081a00000, 0x0000000081900000| Untracked 
|   8|0x0000000081a00000, 0x0000000081b00000, 0x0000000081b00000|100%| O|  |TAMS 0x0000000081b00000, 0x0000000081a00000| Untracked 
|   9|0x0000000081b00000, 0x0000000081c00000, 0x0000000081c00000|100%| O|  |TAMS 0x0000000081c00000, 0x0000000081b00000| Untracked 
|  10|0x0000000081c00000, 0x0000000081d00000, 0x0000000081d00000|100%| O|  |TAMS 0x0000000081d00000, 0x0000000081c00000| Untracked 
|  11|0x0000000081d00000, 0x0000000081e00000, 0x0000000081e00000|100%| O|  |TAMS 0x0000000081e00000, 0x0000000081d00000| Untracked 
|  12|0x0000000081e00000, 0x0000000081f00000, 0x0000000081f00000|100%| O|  |TAMS 0x0000000081f00000, 0x0000000081e00000| Untracked 
|  13|0x0000000081f00000, 0x0000000082000000, 0x0000000082000000|100%| O|  |TAMS 0x0000000082000000, 0x0000000081f00000| Untracked 
|  14|0x0000000082000000, 0x0000000082000000, 0x0000000082100000|  0%| F|  |TAMS 0x0000000082000000, 0x0000000082000000| Untracked 
|  15|0x0000000082100000, 0x0000000082200000, 0x0000000082200000|100%| O|  |TAMS 0x0000000082200000, 0x0000000082100000| Untracked 
|  16|0x0000000082200000, 0x0000000082300000, 0x0000000082300000|100%| O|  |TAMS 0x0000000082300000, 0x0000000082200000| Untracked 
|  17|0x0000000082300000, 0x0000000082400000, 0x0000000082400000|100%| O|  |TAMS 0x0000000082300000, 0x0000000082300000| Untracked 
|  18|0x0000000082400000, 0x0000000082500000, 0x0000000082500000|100%| O|  |TAMS 0x0000000082500000, 0x0000000082400000| Untracked 
|  19|0x0000000082500000, 0x0000000082600000, 0x0000000082600000|100%| O|  |TAMS 0x0000000082600000, 0x0000000082500000| Untracked 
|  20|0x0000000082600000, 0x0000000082700000, 0x0000000082700000|100%| O|  |TAMS 0x0000000082700000, 0x0000000082600000| Untracked 
|  21|0x0000000082700000, 0x0000000082800000, 0x0000000082800000|100%| O|  |TAMS 0x0000000082800000, 0x0000000082700000| Untracked 
|  22|0x0000000082800000, 0x0000000082900000, 0x0000000082900000|100%| O|  |TAMS 0x0000000082900000, 0x0000000082800000| Untracked 
|  23|0x0000000082900000, 0x0000000082a00000, 0x0000000082a00000|100%| O|  |TAMS 0x0000000082a00000, 0x0000000082900000| Untracked 
|  24|0x0000000082a00000, 0x0000000082b00000, 0x0000000082b00000|100%| O|  |TAMS 0x0000000082b00000, 0x0000000082a00000| Untracked 
|  25|0x0000000082b00000, 0x0000000082c00000, 0x0000000082c00000|100%| O|  |TAMS 0x0000000082c00000, 0x0000000082b00000| Untracked 
|  26|0x0000000082c00000, 0x0000000082d00000, 0x0000000082d00000|100%| O|  |TAMS 0x0000000082d00000, 0x0000000082c00000| Untracked 
|  27|0x0000000082d00000, 0x0000000082e00000, 0x0000000082e00000|100%| O|  |TAMS 0x0000000082e00000, 0x0000000082d00000| Untracked 
|  28|0x0000000082e00000, 0x0000000082f00000, 0x0000000082f00000|100%| O|  |TAMS 0x0000000082f00000, 0x0000000082e00000| Untracked 
|  29|0x0000000082f00000, 0x0000000083000000, 0x0000000083000000|100%| O|  |TAMS 0x0000000083000000, 0x0000000082f00000| Untracked 
|  30|0x0000000083000000, 0x0000000083100000, 0x0000000083100000|100%| O|  |TAMS 0x0000000083100000, 0x0000000083000000| Untracked 
|  31|0x0000000083100000, 0x0000000083200000, 0x0000000083200000|100%| O|  |TAMS 0x0000000083200000, 0x0000000083100000| Untracked 
|  32|0x0000000083200000, 0x0000000083300000, 0x0000000083300000|100%| O|  |TAMS 0x0000000083300000, 0x0000000083200000| Untracked 
|  33|0x0000000083300000, 0x0000000083400000, 0x0000000083400000|100%| O|  |TAMS 0x0000000083400000, 0x0000000083300000| Untracked 
|  34|0x0000000083400000, 0x0000000083500000, 0x0000000083500000|100%| O|  |TAMS 0x0000000083500000, 0x0000000083400000| Untracked 
|  35|0x0000000083500000, 0x0000000083600000, 0x0000000083600000|100%| O|  |TAMS 0x0000000083600000, 0x0000000083500000| Untracked 
|  36|0x0000000083600000, 0x0000000083700000, 0x0000000083700000|100%| O|  |TAMS 0x0000000083700000, 0x0000000083600000| Untracked 
|  37|0x0000000083700000, 0x0000000083800000, 0x0000000083800000|100%| O|  |TAMS 0x0000000083800000, 0x0000000083700000| Untracked 
|  38|0x0000000083800000, 0x0000000083900000, 0x0000000083900000|100%| O|  |TAMS 0x0000000083900000, 0x0000000083800000| Untracked 
|  39|0x0000000083900000, 0x0000000083a00000, 0x0000000083a00000|100%| O|  |TAMS 0x0000000083a00000, 0x0000000083900000| Untracked 
|  40|0x0000000083a00000, 0x0000000083b00000, 0x0000000083b00000|100%| O|  |TAMS 0x0000000083b00000, 0x0000000083a00000| Untracked 
|  41|0x0000000083b00000, 0x0000000083c00000, 0x0000000083c00000|100%| O|  |TAMS 0x0000000083c00000, 0x0000000083b00000| Untracked 
|  42|0x0000000083c00000, 0x0000000083d00000, 0x0000000083d00000|100%| O|  |TAMS 0x0000000083d00000, 0x0000000083c00000| Untracked 
|  43|0x0000000083d00000, 0x0000000083e00000, 0x0000000083e00000|100%| O|  |TAMS 0x0000000083e00000, 0x0000000083d00000| Untracked 
|  44|0x0000000083e00000, 0x0000000083f00000, 0x0000000083f00000|100%| O|  |TAMS 0x0000000083ebdc00, 0x0000000083e00000| Untracked 
|  45|0x0000000083f00000, 0x0000000084000000, 0x0000000084000000|100%| O|  |TAMS 0x0000000083f00000, 0x0000000083f00000| Untracked 
|  46|0x0000000084000000, 0x0000000084100000, 0x0000000084100000|100%| O|  |TAMS 0x0000000084000000, 0x0000000084000000| Untracked 
|  47|0x0000000084100000, 0x0000000084200000, 0x0000000084200000|100%| O|  |TAMS 0x0000000084100000, 0x0000000084100000| Untracked 
|  48|0x0000000084200000, 0x0000000084300000, 0x0000000084300000|100%| O|  |TAMS 0x0000000084200000, 0x0000000084200000| Untracked 
|  49|0x0000000084300000, 0x0000000084400000, 0x0000000084400000|100%| O|  |TAMS 0x0000000084300000, 0x0000000084300000| Untracked 
|  50|0x0000000084400000, 0x0000000084500000, 0x0000000084500000|100%| O|  |TAMS 0x0000000084400000, 0x0000000084400000| Untracked 
|  51|0x0000000084500000, 0x0000000084566a00, 0x0000000084600000| 40%| O|  |TAMS 0x0000000084500000, 0x0000000084500000| Untracked 
|  52|0x0000000084600000, 0x0000000084600000, 0x0000000084700000|  0%| F|  |TAMS 0x0000000084600000, 0x0000000084600000| Untracked 
|  53|0x0000000084700000, 0x0000000084700000, 0x0000000084800000|  0%| F|  |TAMS 0x0000000084700000, 0x0000000084700000| Untracked 
|  54|0x0000000084800000, 0x0000000084800000, 0x0000000084900000|  0%| F|  |TAMS 0x0000000084800000, 0x0000000084800000| Untracked 
|  55|0x0000000084900000, 0x0000000084900000, 0x0000000084a00000|  0%| F|  |TAMS 0x0000000084900000, 0x0000000084900000| Untracked 
|  56|0x0000000084a00000, 0x0000000084a00000, 0x0000000084b00000|  0%| F|  |TAMS 0x0000000084a00000, 0x0000000084a00000| Untracked 
|  57|0x0000000084b00000, 0x0000000084b00000, 0x0000000084c00000|  0%| F|  |TAMS 0x0000000084b00000, 0x0000000084b00000| Untracked 
|  58|0x0000000084c00000, 0x0000000084c00000, 0x0000000084d00000|  0%| F|  |TAMS 0x0000000084c00000, 0x0000000084c00000| Untracked 
|  59|0x0000000084d00000, 0x0000000084d00000, 0x0000000084e00000|  0%| F|  |TAMS 0x0000000084d00000, 0x0000000084d00000| Untracked 
|  60|0x0000000084e00000, 0x0000000084e00000, 0x0000000084f00000|  0%| F|  |TAMS 0x0000000084e00000, 0x0000000084e00000| Untracked 
|  61|0x0000000084f00000, 0x0000000084f00000, 0x0000000085000000|  0%| F|  |TAMS 0x0000000084f00000, 0x0000000084f00000| Untracked 
|  62|0x0000000085000000, 0x0000000085000000, 0x0000000085100000|  0%| F|  |TAMS 0x0000000085000000, 0x0000000085000000| Untracked 
|  63|0x0000000085100000, 0x0000000085100000, 0x0000000085200000|  0%| F|  |TAMS 0x0000000085100000, 0x0000000085100000| Untracked 
|  64|0x0000000085200000, 0x0000000085200000, 0x0000000085300000|  0%| F|  |TAMS 0x0000000085200000, 0x0000000085200000| Untracked 
|  65|0x0000000085300000, 0x0000000085300000, 0x0000000085400000|  0%| F|  |TAMS 0x0000000085300000, 0x0000000085300000| Untracked 
|  66|0x0000000085400000, 0x0000000085400000, 0x0000000085500000|  0%| F|  |TAMS 0x0000000085400000, 0x0000000085400000| Untracked 
|  67|0x0000000085500000, 0x0000000085500000, 0x0000000085600000|  0%| F|  |TAMS 0x0000000085500000, 0x0000000085500000| Untracked 
|  68|0x0000000085600000, 0x0000000085600000, 0x0000000085700000|  0%| F|  |TAMS 0x0000000085600000, 0x0000000085600000| Untracked 
|  69|0x0000000085700000, 0x0000000085700000, 0x0000000085800000|  0%| F|  |TAMS 0x0000000085700000, 0x0000000085700000| Untracked 
|  70|0x0000000085800000, 0x0000000085800000, 0x0000000085900000|  0%| F|  |TAMS 0x0000000085800000, 0x0000000085800000| Untracked 
|  71|0x0000000085900000, 0x0000000085900000, 0x0000000085a00000|  0%| F|  |TAMS 0x0000000085900000, 0x0000000085900000| Untracked 
|  72|0x0000000085a00000, 0x0000000085a00000, 0x0000000085b00000|  0%| F|  |TAMS 0x0000000085a00000, 0x0000000085a00000| Untracked 
|  73|0x0000000085b00000, 0x0000000085b00000, 0x0000000085c00000|  0%| F|  |TAMS 0x0000000085b00000, 0x0000000085b00000| Untracked 
|  74|0x0000000085c00000, 0x0000000085c00000, 0x0000000085d00000|  0%| F|  |TAMS 0x0000000085c00000, 0x0000000085c00000| Untracked 
|  75|0x0000000085d00000, 0x0000000085d00000, 0x0000000085e00000|  0%| F|  |TAMS 0x0000000085d00000, 0x0000000085d00000| Untracked 
|  76|0x0000000085e00000, 0x0000000085e00000, 0x0000000085f00000|  0%| F|  |TAMS 0x0000000085e00000, 0x0000000085e00000| Untracked 
|  77|0x0000000085f00000, 0x0000000085f00000, 0x0000000086000000|  0%| F|  |TAMS 0x0000000085f00000, 0x0000000085f00000| Untracked 
|  78|0x0000000086000000, 0x0000000086000000, 0x0000000086100000|  0%| F|  |TAMS 0x0000000086000000, 0x0000000086000000| Untracked 
|  79|0x0000000086100000, 0x0000000086100000, 0x0000000086200000|  0%| F|  |TAMS 0x0000000086100000, 0x0000000086100000| Untracked 
|  80|0x0000000086200000, 0x0000000086200000, 0x0000000086300000|  0%| F|  |TAMS 0x0000000086200000, 0x0000000086200000| Untracked 
|  81|0x0000000086300000, 0x0000000086300000, 0x0000000086400000|  0%| F|  |TAMS 0x0000000086300000, 0x0000000086300000| Untracked 
|  82|0x0000000086400000, 0x0000000086400000, 0x0000000086500000|  0%| F|  |TAMS 0x0000000086400000, 0x0000000086400000| Untracked 
|  83|0x0000000086500000, 0x0000000086500000, 0x0000000086600000|  0%| F|  |TAMS 0x0000000086500000, 0x0000000086500000| Untracked 
|  84|0x0000000086600000, 0x0000000086600000, 0x0000000086700000|  0%| F|  |TAMS 0x0000000086600000, 0x0000000086600000| Untracked 
|  85|0x0000000086700000, 0x0000000086700000, 0x0000000086800000|  0%| F|  |TAMS 0x0000000086700000, 0x0000000086700000| Untracked 
|  86|0x0000000086800000, 0x0000000086800000, 0x0000000086900000|  0%| F|  |TAMS 0x0000000086800000, 0x0000000086800000| Untracked 
|  87|0x0000000086900000, 0x0000000086900000, 0x0000000086a00000|  0%| F|  |TAMS 0x0000000086900000, 0x0000000086900000| Untracked 
|  88|0x0000000086a00000, 0x0000000086a00000, 0x0000000086b00000|  0%| F|  |TAMS 0x0000000086a00000, 0x0000000086a00000| Untracked 
|  89|0x0000000086b00000, 0x0000000086b00000, 0x0000000086c00000|  0%| F|  |TAMS 0x0000000086b00000, 0x0000000086b00000| Untracked 
|  90|0x0000000086c00000, 0x0000000086c00000, 0x0000000086d00000|  0%| F|  |TAMS 0x0000000086c00000, 0x0000000086c00000| Untracked 
|  91|0x0000000086d00000, 0x0000000086d00000, 0x0000000086e00000|  0%| F|  |TAMS 0x0000000086d00000, 0x0000000086d00000| Untracked 
|  92|0x0000000086e00000, 0x0000000086e00000, 0x0000000086f00000|  0%| F|  |TAMS 0x0000000086e00000, 0x0000000086e00000| Untracked 
|  93|0x0000000086f00000, 0x0000000086f00000, 0x0000000087000000|  0%| F|  |TAMS 0x0000000086f00000, 0x0000000086f00000| Untracked 
|  94|0x0000000087000000, 0x0000000087000000, 0x0000000087100000|  0%| F|  |TAMS 0x0000000087000000, 0x0000000087000000| Untracked 
|  95|0x0000000087100000, 0x0000000087100000, 0x0000000087200000|  0%| F|  |TAMS 0x0000000087100000, 0x0000000087100000| Untracked 
|  96|0x0000000087200000, 0x0000000087200000, 0x0000000087300000|  0%| F|  |TAMS 0x0000000087200000, 0x0000000087200000| Untracked 
|  97|0x0000000087300000, 0x0000000087300000, 0x0000000087400000|  0%| F|  |TAMS 0x0000000087300000, 0x0000000087300000| Untracked 
|  98|0x0000000087400000, 0x0000000087400000, 0x0000000087500000|  0%| F|  |TAMS 0x0000000087400000, 0x0000000087400000| Untracked 
|  99|0x0000000087500000, 0x0000000087500000, 0x0000000087600000|  0%| F|  |TAMS 0x0000000087500000, 0x0000000087500000| Untracked 
| 100|0x0000000087600000, 0x0000000087600000, 0x0000000087700000|  0%| F|  |TAMS 0x0000000087600000, 0x0000000087600000| Untracked 
| 101|0x0000000087700000, 0x0000000087700000, 0x0000000087800000|  0%| F|  |TAMS 0x0000000087700000, 0x0000000087700000| Untracked 
| 102|0x0000000087800000, 0x0000000087800000, 0x0000000087900000|  0%| F|  |TAMS 0x0000000087800000, 0x0000000087800000| Untracked 
| 103|0x0000000087900000, 0x0000000087900000, 0x0000000087a00000|  0%| F|  |TAMS 0x0000000087900000, 0x0000000087900000| Untracked 
| 104|0x0000000087a00000, 0x0000000087a00000, 0x0000000087b00000|  0%| F|  |TAMS 0x0000000087a00000, 0x0000000087a00000| Untracked 
| 105|0x0000000087b00000, 0x0000000087b00000, 0x0000000087c00000|  0%| F|  |TAMS 0x0000000087b00000, 0x0000000087b00000| Untracked 
| 106|0x0000000087c00000, 0x0000000087c00000, 0x0000000087d00000|  0%| F|  |TAMS 0x0000000087c00000, 0x0000000087c00000| Untracked 
| 107|0x0000000087d00000, 0x0000000087d00000, 0x0000000087e00000|  0%| F|  |TAMS 0x0000000087d00000, 0x0000000087d00000| Untracked 
| 108|0x0000000087e00000, 0x0000000087e00000, 0x0000000087f00000|  0%| F|  |TAMS 0x0000000087e00000, 0x0000000087e00000| Untracked 
| 109|0x0000000087f00000, 0x0000000087f00000, 0x0000000088000000|  0%| F|  |TAMS 0x0000000087f00000, 0x0000000087f00000| Untracked 
| 110|0x0000000088000000, 0x0000000088000000, 0x0000000088100000|  0%| F|  |TAMS 0x0000000088000000, 0x0000000088000000| Untracked 
| 111|0x0000000088100000, 0x0000000088100000, 0x0000000088200000|  0%| F|  |TAMS 0x0000000088100000, 0x0000000088100000| Untracked 
| 112|0x0000000088200000, 0x0000000088200000, 0x0000000088300000|  0%| F|  |TAMS 0x0000000088200000, 0x0000000088200000| Untracked 
| 113|0x0000000088300000, 0x0000000088300000, 0x0000000088400000|  0%| F|  |TAMS 0x0000000088300000, 0x0000000088300000| Untracked 
| 114|0x0000000088400000, 0x0000000088400000, 0x0000000088500000|  0%| F|  |TAMS 0x0000000088400000, 0x0000000088400000| Untracked 
| 115|0x0000000088500000, 0x0000000088515630, 0x0000000088600000|  8%| S|CS|TAMS 0x0000000088500000, 0x0000000088500000| Complete 
| 116|0x0000000088600000, 0x0000000088700000, 0x0000000088700000|100%| S|CS|TAMS 0x0000000088600000, 0x0000000088600000| Complete 
| 117|0x0000000088700000, 0x0000000088800000, 0x0000000088800000|100%| S|CS|TAMS 0x0000000088700000, 0x0000000088700000| Complete 
| 118|0x0000000088800000, 0x0000000088900000, 0x0000000088900000|100%| S|CS|TAMS 0x0000000088800000, 0x0000000088800000| Complete 
| 119|0x0000000088900000, 0x0000000088a00000, 0x0000000088a00000|100%| S|CS|TAMS 0x0000000088900000, 0x0000000088900000| Complete 
| 120|0x0000000088a00000, 0x0000000088b00000, 0x0000000088b00000|100%| S|CS|TAMS 0x0000000088a00000, 0x0000000088a00000| Complete 
| 121|0x0000000088b00000, 0x0000000088b00000, 0x0000000088c00000|  0%| F|  |TAMS 0x0000000088b00000, 0x0000000088b00000| Untracked 
| 122|0x0000000088c00000, 0x0000000088c00000, 0x0000000088d00000|  0%| F|  |TAMS 0x0000000088c00000, 0x0000000088c00000| Untracked 
| 123|0x0000000088d00000, 0x0000000088d00000, 0x0000000088e00000|  0%| F|  |TAMS 0x0000000088d00000, 0x0000000088d00000| Untracked 
| 124|0x0000000088e00000, 0x0000000088e00000, 0x0000000088f00000|  0%| F|  |TAMS 0x0000000088e00000, 0x0000000088e00000| Untracked 
| 125|0x0000000088f00000, 0x0000000088f00000, 0x0000000089000000|  0%| F|  |TAMS 0x0000000088f00000, 0x0000000088f00000| Untracked 
| 126|0x0000000089000000, 0x0000000089000000, 0x0000000089100000|  0%| F|  |TAMS 0x0000000089000000, 0x0000000089000000| Untracked 
| 127|0x0000000089100000, 0x0000000089100000, 0x0000000089200000|  0%| F|  |TAMS 0x0000000089100000, 0x0000000089100000| Untracked 
| 128|0x0000000089200000, 0x0000000089200000, 0x0000000089300000|  0%| F|  |TAMS 0x0000000089200000, 0x0000000089200000| Untracked 
| 129|0x0000000089300000, 0x0000000089300000, 0x0000000089400000|  0%| F|  |TAMS 0x0000000089300000, 0x0000000089300000| Untracked 
| 130|0x0000000089400000, 0x0000000089400000, 0x0000000089500000|  0%| F|  |TAMS 0x0000000089400000, 0x0000000089400000| Untracked 
| 131|0x0000000089500000, 0x0000000089500000, 0x0000000089600000|  0%| F|  |TAMS 0x0000000089500000, 0x0000000089500000| Untracked 
| 132|0x0000000089600000, 0x0000000089600000, 0x0000000089700000|  0%| F|  |TAMS 0x0000000089600000, 0x0000000089600000| Untracked 
| 133|0x0000000089700000, 0x0000000089700000, 0x0000000089800000|  0%| F|  |TAMS 0x0000000089700000, 0x0000000089700000| Untracked 
| 134|0x0000000089800000, 0x0000000089800000, 0x0000000089900000|  0%| F|  |TAMS 0x0000000089800000, 0x0000000089800000| Untracked 
| 135|0x0000000089900000, 0x0000000089900000, 0x0000000089a00000|  0%| F|  |TAMS 0x0000000089900000, 0x0000000089900000| Untracked 
| 136|0x0000000089a00000, 0x0000000089a00000, 0x0000000089b00000|  0%| F|  |TAMS 0x0000000089a00000, 0x0000000089a00000| Untracked 
| 137|0x0000000089b00000, 0x0000000089b00000, 0x0000000089c00000|  0%| F|  |TAMS 0x0000000089b00000, 0x0000000089b00000| Untracked 
| 138|0x0000000089c00000, 0x0000000089c00000, 0x0000000089d00000|  0%| F|  |TAMS 0x0000000089c00000, 0x0000000089c00000| Untracked 
| 139|0x0000000089d00000, 0x0000000089d00000, 0x0000000089e00000|  0%| F|  |TAMS 0x0000000089d00000, 0x0000000089d00000| Untracked 
| 140|0x0000000089e00000, 0x0000000089e00000, 0x0000000089f00000|  0%| F|  |TAMS 0x0000000089e00000, 0x0000000089e00000| Untracked 
| 141|0x0000000089f00000, 0x0000000089f00000, 0x000000008a000000|  0%| F|  |TAMS 0x0000000089f00000, 0x0000000089f00000| Untracked 
| 142|0x000000008a000000, 0x000000008a000000, 0x000000008a100000|  0%| F|  |TAMS 0x000000008a000000, 0x000000008a000000| Untracked 
| 143|0x000000008a100000, 0x000000008a100000, 0x000000008a200000|  0%| F|  |TAMS 0x000000008a100000, 0x000000008a100000| Untracked 
| 144|0x000000008a200000, 0x000000008a200000, 0x000000008a300000|  0%| F|  |TAMS 0x000000008a200000, 0x000000008a200000| Untracked 
| 145|0x000000008a300000, 0x000000008a300000, 0x000000008a400000|  0%| F|  |TAMS 0x000000008a300000, 0x000000008a300000| Untracked 
| 146|0x000000008a400000, 0x000000008a400000, 0x000000008a500000|  0%| F|  |TAMS 0x000000008a400000, 0x000000008a400000| Untracked 
| 147|0x000000008a500000, 0x000000008a500000, 0x000000008a600000|  0%| F|  |TAMS 0x000000008a500000, 0x000000008a500000| Untracked 
| 148|0x000000008a600000, 0x000000008a600000, 0x000000008a700000|  0%| F|  |TAMS 0x000000008a600000, 0x000000008a600000| Untracked 
| 149|0x000000008a700000, 0x000000008a700000, 0x000000008a800000|  0%| F|  |TAMS 0x000000008a700000, 0x000000008a700000| Untracked 
| 150|0x000000008a800000, 0x000000008a800000, 0x000000008a900000|  0%| F|  |TAMS 0x000000008a800000, 0x000000008a800000| Untracked 
| 151|0x000000008a900000, 0x000000008a900000, 0x000000008aa00000|  0%| F|  |TAMS 0x000000008a900000, 0x000000008a900000| Untracked 
| 152|0x000000008aa00000, 0x000000008aa00000, 0x000000008ab00000|  0%| F|  |TAMS 0x000000008aa00000, 0x000000008aa00000| Untracked 
| 153|0x000000008ab00000, 0x000000008ab00000, 0x000000008ac00000|  0%| F|  |TAMS 0x000000008ab00000, 0x000000008ab00000| Untracked 
| 154|0x000000008ac00000, 0x000000008ac00000, 0x000000008ad00000|  0%| F|  |TAMS 0x000000008ac00000, 0x000000008ac00000| Untracked 
| 155|0x000000008ad00000, 0x000000008ad00000, 0x000000008ae00000|  0%| F|  |TAMS 0x000000008ad00000, 0x000000008ad00000| Untracked 
| 156|0x000000008ae00000, 0x000000008ae00000, 0x000000008af00000|  0%| F|  |TAMS 0x000000008ae00000, 0x000000008ae00000| Untracked 
| 157|0x000000008af00000, 0x000000008af00000, 0x000000008b000000|  0%| F|  |TAMS 0x000000008af00000, 0x000000008af00000| Untracked 
| 158|0x000000008b000000, 0x000000008b080000, 0x000000008b100000| 50%| E|  |TAMS 0x000000008b000000, 0x000000008b000000| Complete 
| 159|0x000000008b100000, 0x000000008b200000, 0x000000008b200000|100%| E|CS|TAMS 0x000000008b100000, 0x000000008b100000| Complete 
| 160|0x000000008b200000, 0x000000008b300000, 0x000000008b300000|100%| E|CS|TAMS 0x000000008b200000, 0x000000008b200000| Complete 
| 161|0x000000008b300000, 0x000000008b400000, 0x000000008b400000|100%| E|CS|TAMS 0x000000008b300000, 0x000000008b300000| Complete 
| 162|0x000000008b400000, 0x000000008b500000, 0x000000008b500000|100%| E|CS|TAMS 0x000000008b400000, 0x000000008b400000| Complete 
| 163|0x000000008b500000, 0x000000008b600000, 0x000000008b600000|100%| E|CS|TAMS 0x000000008b500000, 0x000000008b500000| Complete 
| 164|0x000000008b600000, 0x000000008b700000, 0x000000008b700000|100%| E|CS|TAMS 0x000000008b600000, 0x000000008b600000| Complete 
| 165|0x000000008b700000, 0x000000008b800000, 0x000000008b800000|100%| E|CS|TAMS 0x000000008b700000, 0x000000008b700000| Complete 
| 166|0x000000008b800000, 0x000000008b900000, 0x000000008b900000|100%| E|CS|TAMS 0x000000008b800000, 0x000000008b800000| Complete 
| 167|0x000000008b900000, 0x000000008ba00000, 0x000000008ba00000|100%| E|CS|TAMS 0x000000008b900000, 0x000000008b900000| Complete 
| 168|0x000000008ba00000, 0x000000008bb00000, 0x000000008bb00000|100%| E|CS|TAMS 0x000000008ba00000, 0x000000008ba00000| Complete 
| 169|0x000000008bb00000, 0x000000008bc00000, 0x000000008bc00000|100%| E|CS|TAMS 0x000000008bb00000, 0x000000008bb00000| Complete 
| 170|0x000000008bc00000, 0x000000008bd00000, 0x000000008bd00000|100%| E|CS|TAMS 0x000000008bc00000, 0x000000008bc00000| Complete 
| 171|0x000000008bd00000, 0x000000008be00000, 0x000000008be00000|100%| E|CS|TAMS 0x000000008bd00000, 0x000000008bd00000| Complete 
| 172|0x000000008be00000, 0x000000008bf00000, 0x000000008bf00000|100%| E|CS|TAMS 0x000000008be00000, 0x000000008be00000| Complete 
| 173|0x000000008bf00000, 0x000000008c000000, 0x000000008c000000|100%| E|CS|TAMS 0x000000008bf00000, 0x000000008bf00000| Complete 
| 174|0x000000008c000000, 0x000000008c100000, 0x000000008c100000|100%| E|CS|TAMS 0x000000008c000000, 0x000000008c000000| Complete 
| 175|0x000000008c100000, 0x000000008c200000, 0x000000008c200000|100%| E|CS|TAMS 0x000000008c100000, 0x000000008c100000| Complete 
| 176|0x000000008c200000, 0x000000008c300000, 0x000000008c300000|100%| E|CS|TAMS 0x000000008c200000, 0x000000008c200000| Complete 
| 177|0x000000008c300000, 0x000000008c400000, 0x000000008c400000|100%| E|CS|TAMS 0x000000008c300000, 0x000000008c300000| Complete 
| 178|0x000000008c400000, 0x000000008c500000, 0x000000008c500000|100%| E|CS|TAMS 0x000000008c400000, 0x000000008c400000| Complete 
| 179|0x000000008c500000, 0x000000008c600000, 0x000000008c600000|100%| E|CS|TAMS 0x000000008c500000, 0x000000008c500000| Complete 
| 180|0x000000008c600000, 0x000000008c700000, 0x000000008c700000|100%| E|CS|TAMS 0x000000008c600000, 0x000000008c600000| Complete 
| 181|0x000000008c700000, 0x000000008c800000, 0x000000008c800000|100%| E|CS|TAMS 0x000000008c700000, 0x000000008c700000| Complete 
| 182|0x000000008c800000, 0x000000008c900000, 0x000000008c900000|100%| E|CS|TAMS 0x000000008c800000, 0x000000008c800000| Complete 
| 183|0x000000008c900000, 0x000000008ca00000, 0x000000008ca00000|100%| E|CS|TAMS 0x000000008c900000, 0x000000008c900000| Complete 
| 184|0x000000008ca00000, 0x000000008cb00000, 0x000000008cb00000|100%| E|CS|TAMS 0x000000008ca00000, 0x000000008ca00000| Complete 
| 185|0x000000008cb00000, 0x000000008cc00000, 0x000000008cc00000|100%| E|CS|TAMS 0x000000008cb00000, 0x000000008cb00000| Complete 
| 186|0x000000008cc00000, 0x000000008cd00000, 0x000000008cd00000|100%| E|CS|TAMS 0x000000008cc00000, 0x000000008cc00000| Complete 
| 187|0x000000008cd00000, 0x000000008ce00000, 0x000000008ce00000|100%| E|CS|TAMS 0x000000008cd00000, 0x000000008cd00000| Complete 
| 188|0x000000008ce00000, 0x000000008cf00000, 0x000000008cf00000|100%| E|CS|TAMS 0x000000008ce00000, 0x000000008ce00000| Complete 
| 189|0x000000008cf00000, 0x000000008d000000, 0x000000008d000000|100%| E|CS|TAMS 0x000000008cf00000, 0x000000008cf00000| Complete 
| 190|0x000000008d000000, 0x000000008d100000, 0x000000008d100000|100%| E|CS|TAMS 0x000000008d000000, 0x000000008d000000| Complete 
| 191|0x000000008d100000, 0x000000008d200000, 0x000000008d200000|100%| E|CS|TAMS 0x000000008d100000, 0x000000008d100000| Complete 
| 192|0x000000008d200000, 0x000000008d300000, 0x000000008d300000|100%| E|CS|TAMS 0x000000008d200000, 0x000000008d200000| Complete 
| 193|0x000000008d300000, 0x000000008d400000, 0x000000008d400000|100%| E|CS|TAMS 0x000000008d300000, 0x000000008d300000| Complete 
| 194|0x000000008d400000, 0x000000008d500000, 0x000000008d500000|100%| E|CS|TAMS 0x000000008d400000, 0x000000008d400000| Complete 
| 195|0x000000008d500000, 0x000000008d600000, 0x000000008d600000|100%| E|CS|TAMS 0x000000008d500000, 0x000000008d500000| Complete 
| 196|0x000000008d600000, 0x000000008d700000, 0x000000008d700000|100%| E|CS|TAMS 0x000000008d600000, 0x000000008d600000| Complete 
| 197|0x000000008d700000, 0x000000008d800000, 0x000000008d800000|100%| E|CS|TAMS 0x000000008d700000, 0x000000008d700000| Complete 

Card table byte_map: [0x000002811ced0000,0x000002811d2d0000] _byte_map_base: 0x000002811cac7000

Marking Bits (Prev, Next): (CMBitMap*) 0x0000028105cb6a50, (CMBitMap*) 0x0000028105cb6a10
 Prev Bits: [0x000002811f690000, 0x0000028121648000)
 Next Bits: [0x000002811d6d0000, 0x000002811f688000)

Polling page: 0x0000028105400000

Metaspace:

Usage:
  Non-class:     69.28 MB used.
      Class:     11.17 MB used.
       Both:     80.45 MB used.

Virtual space:
  Non-class space:      128.00 MB reserved,      69.62 MB ( 54%) committed,  2 nodes.
      Class space:        1.00 GB reserved,      11.56 MB (  1%) committed,  1 nodes.
             Both:        1.12 GB reserved,      81.19 MB (  7%) committed. 

Chunk freelists:
   Non-Class:  9.69 MB
       Class:  4.29 MB
        Both:  13.98 MB

MaxMetaspaceSize: unlimited
CompressedClassSpaceSize: 1.00 GB
Initial GC threshold: 21.00 MB
Current GC threshold: 115.00 MB
CDS: on
MetaspaceReclaimPolicy: balanced
 - commit_granule_bytes: 65536.
 - commit_granule_words: 8192.
 - virtual_space_node_default_size: 8388608.
 - enlarge_chunks_in_place: 1.
 - new_chunks_are_fully_committed: 0.
 - uncommit_free_chunks: 1.
 - use_allocation_guard: 0.
 - handle_deallocations: 1.


Internal statistics:

num_allocs_failed_limit: 9.
num_arena_births: 1152.
num_arena_deaths: 2.
num_vsnodes_births: 3.
num_vsnodes_deaths: 0.
num_space_committed: 1300.
num_space_uncommitted: 0.
num_chunks_returned_to_freelist: 12.
num_chunks_taken_from_freelist: 4285.
num_chunk_merges: 9.
num_chunk_splits: 3055.
num_chunks_enlarged: 2315.
num_inconsistent_stats: 0.

CodeHeap 'non-profiled nmethods': size=120000Kb used=4567Kb max_used=5571Kb free=115432Kb
 bounds [0x0000028115270000, 0x00000281157f0000, 0x000002811c7a0000]
CodeHeap 'profiled nmethods': size=120000Kb used=13594Kb max_used=14819Kb free=106405Kb
 bounds [0x000002810d7a0000, 0x000002810e620000, 0x0000028114cd0000]
CodeHeap 'non-nmethods': size=5760Kb used=1713Kb max_used=1778Kb free=4046Kb
 bounds [0x0000028114cd0000, 0x0000028114f40000, 0x0000028115270000]
 total_blobs=8175 nmethods=7390 adapters=695
 compilation: enabled
              stopped_count=0, restarted_count=0
 full_count=0

Compilation events (20 events):
Event: 13.454 Thread 0x000002812409efb0 8684       3       com.sun.beans.TypeResolver::resolveInClass (9 bytes)
Event: 13.455 Thread 0x000002812409efb0 nmethod 8684 0x000002810d813990 code [0x000002810d813bc0, 0x000002810d814338]
Event: 13.458 Thread 0x000002812409efb0 8685       1       java.util.Hashtable$Entry::getKey (5 bytes)
Event: 13.459 Thread 0x000002812409efb0 nmethod 8685 0x0000028115603d10 code [0x0000028115603ea0, 0x0000028115603f78]
Event: 13.459 Thread 0x000002812409efb0 8687       3       org.codehaus.groovy.reflection.CachedClass::getName (8 bytes)
Event: 13.459 Thread 0x000002812409efb0 nmethod 8687 0x000002810da9f490 code [0x000002810da9f640, 0x000002810da9f848]
Event: 13.459 Thread 0x000002812409efb0 8686       1       java.util.Hashtable$Entry::getValue (5 bytes)
Event: 13.459 Thread 0x000002812409efb0 nmethod 8686 0x0000028115279a90 code [0x0000028115279c20, 0x0000028115279cf8]
Event: 13.459 Thread 0x000002812409efb0 8688       1       groovy.lang.MetaBeanProperty::getSetter (5 bytes)
Event: 13.459 Thread 0x000002812409efb0 nmethod 8688 0x0000028115279510 code [0x00000281152796a0, 0x0000028115279778]
Event: 13.462 Thread 0x000002812409efb0 8691       2       sun.invoke.util.VerifyType::isNullConversion (157 bytes)
Event: 13.463 Thread 0x000002812409efb0 nmethod 8691 0x000002810db5bd10 code [0x000002810db5bf40, 0x000002810db5c628]
Event: 13.467 Thread 0x000002812409efb0 8692       3       org.codehaus.groovy.reflection.stdclasses.CachedSAMClass$$Lambda$389/0x0000028126217300::test (12 bytes)
Event: 13.467 Thread 0x000002812409efb0 nmethod 8692 0x000002810db33b10 code [0x000002810db33cc0, 0x000002810db33f48]
Event: 13.467 Thread 0x000002812409efb0 8693       3       org.codehaus.groovy.reflection.stdclasses.CachedSAMClass::lambda$getSAMMethod$0 (6 bytes)
Event: 13.468 Thread 0x000002812409efb0 nmethod 8693 0x000002810dc50110 code [0x000002810dc502a0, 0x000002810dc503a8]
Event: 13.470 Thread 0x0000028124095280 nmethod 8680 0x00000281154ecf10 code [0x00000281154ed120, 0x00000281154ee060]
Event: 13.470 Thread 0x0000028124095280 8690       4       java.lang.invoke.LambdaForm$Name::replaceNames (175 bytes)
Event: 13.470 Thread 0x000002812409efb0 8694       3       java.util.logging.Logger::isLoggable (27 bytes)
Event: 13.471 Thread 0x000002812409efb0 nmethod 8694 0x000002810da58c10 code [0x000002810da58dc0, 0x000002810da58f98]

GC Heap History (20 events):
Event: 7.492 GC heap before
{Heap before GC invocations=15 (full 0):
 garbage-first heap   total 91136K, used 41159K [0x0000000081200000, 0x0000000100000000)
  region size 1024K, 6 young (6144K), 3 survivors (3072K)
 Metaspace       used 60102K, committed 60608K, reserved 1114112K
  class space    used 8113K, committed 8320K, reserved 1048576K
}
Event: 7.494 GC heap after
{Heap after GC invocations=16 (full 0):
 garbage-first heap   total 91136K, used 39243K [0x0000000081200000, 0x0000000100000000)
  region size 1024K, 3 young (3072K), 3 survivors (3072K)
 Metaspace       used 60102K, committed 60608K, reserved 1114112K
  class space    used 8113K, committed 8320K, reserved 1048576K
}
Event: 8.213 GC heap before
{Heap before GC invocations=17 (full 0):
 garbage-first heap   total 91136K, used 72011K [0x0000000081200000, 0x0000000100000000)
  region size 1024K, 35 young (35840K), 3 survivors (3072K)
 Metaspace       used 66097K, committed 66688K, reserved 1114112K
  class space    used 9141K, committed 9408K, reserved 1048576K
}
Event: 8.219 GC heap after
{Heap after GC invocations=18 (full 0):
 garbage-first heap   total 91136K, used 42269K [0x0000000081200000, 0x0000000100000000)
  region size 1024K, 5 young (5120K), 5 survivors (5120K)
 Metaspace       used 66097K, committed 66688K, reserved 1114112K
  class space    used 9141K, committed 9408K, reserved 1048576K
}
Event: 8.485 GC heap before
{Heap before GC invocations=18 (full 0):
 garbage-first heap   total 91136K, used 71965K [0x0000000081200000, 0x0000000100000000)
  region size 1024K, 34 young (34816K), 5 survivors (5120K)
 Metaspace       used 68104K, committed 68736K, reserved 1114112K
  class space    used 9541K, committed 9856K, reserved 1048576K
}
Event: 8.491 GC heap after
{Heap after GC invocations=19 (full 0):
 garbage-first heap   total 91136K, used 45831K [0x0000000081200000, 0x0000000100000000)
  region size 1024K, 4 young (4096K), 4 survivors (4096K)
 Metaspace       used 68104K, committed 68736K, reserved 1114112K
  class space    used 9541K, committed 9856K, reserved 1048576K
}
Event: 8.623 GC heap before
{Heap before GC invocations=19 (full 0):
 garbage-first heap   total 91136K, used 70407K [0x0000000081200000, 0x0000000100000000)
  region size 1024K, 29 young (29696K), 4 survivors (4096K)
 Metaspace       used 69465K, committed 70016K, reserved 1114112K
  class space    used 9717K, committed 9984K, reserved 1048576K
}
Event: 8.625 GC heap after
{Heap after GC invocations=20 (full 0):
 garbage-first heap   total 91136K, used 44363K [0x0000000081200000, 0x0000000100000000)
  region size 1024K, 1 young (1024K), 1 survivors (1024K)
 Metaspace       used 69465K, committed 70016K, reserved 1114112K
  class space    used 9717K, committed 9984K, reserved 1048576K
}
Event: 8.807 GC heap before
{Heap before GC invocations=21 (full 0):
 garbage-first heap   total 91136K, used 73035K [0x0000000081200000, 0x0000000100000000)
  region size 1024K, 29 young (29696K), 1 survivors (1024K)
 Metaspace       used 69915K, committed 70464K, reserved 1114112K
  class space    used 9783K, committed 10048K, reserved 1048576K
}
Event: 8.809 GC heap after
{Heap after GC invocations=22 (full 0):
 garbage-first heap   total 91136K, used 45196K [0x0000000081200000, 0x0000000100000000)
  region size 1024K, 2 young (2048K), 2 survivors (2048K)
 Metaspace       used 69915K, committed 70464K, reserved 1114112K
  class space    used 9783K, committed 10048K, reserved 1048576K
}
Event: 8.813 GC heap before
{Heap before GC invocations=22 (full 0):
 garbage-first heap   total 91136K, used 47244K [0x0000000081200000, 0x0000000100000000)
  region size 1024K, 4 young (4096K), 2 survivors (2048K)
 Metaspace       used 69915K, committed 70464K, reserved 1114112K
  class space    used 9783K, committed 10048K, reserved 1048576K
}
Event: 8.815 GC heap after
{Heap after GC invocations=23 (full 0):
 garbage-first heap   total 91136K, used 45813K [0x0000000081200000, 0x0000000100000000)
  region size 1024K, 1 young (1024K), 1 survivors (1024K)
 Metaspace       used 69915K, committed 70464K, reserved 1114112K
  class space    used 9783K, committed 10048K, reserved 1048576K
}
Event: 8.881 GC heap before
{Heap before GC invocations=23 (full 0):
 garbage-first heap   total 91136K, used 74485K [0x0000000081200000, 0x0000000100000000)
  region size 1024K, 29 young (29696K), 1 survivors (1024K)
 Metaspace       used 69919K, committed 70464K, reserved 1114112K
  class space    used 9783K, committed 10048K, reserved 1048576K
}
Event: 8.885 GC heap after
{Heap after GC invocations=24 (full 0):
 garbage-first heap   total 91136K, used 50334K [0x0000000081200000, 0x0000000100000000)
  region size 1024K, 4 young (4096K), 4 survivors (4096K)
 Metaspace       used 69919K, committed 70464K, reserved 1114112K
  class space    used 9783K, committed 10048K, reserved 1048576K
}
Event: 9.161 GC heap before
{Heap before GC invocations=25 (full 0):
 garbage-first heap   total 101376K, used 73886K [0x0000000081200000, 0x0000000100000000)
  region size 1024K, 27 young (27648K), 4 survivors (4096K)
 Metaspace       used 70581K, committed 71168K, reserved 1114112K
  class space    used 9815K, committed 10112K, reserved 1048576K
}
Event: 9.165 GC heap after
{Heap after GC invocations=26 (full 0):
 garbage-first heap   total 101376K, used 52482K [0x0000000081200000, 0x0000000100000000)
  region size 1024K, 3 young (3072K), 3 survivors (3072K)
 Metaspace       used 70581K, committed 71168K, reserved 1114112K
  class space    used 9815K, committed 10112K, reserved 1048576K
}
Event: 9.170 GC heap before
{Heap before GC invocations=26 (full 0):
 garbage-first heap   total 101376K, used 53506K [0x0000000081200000, 0x0000000100000000)
  region size 1024K, 4 young (4096K), 3 survivors (3072K)
 Metaspace       used 70586K, committed 71168K, reserved 1114112K
  class space    used 9815K, committed 10112K, reserved 1048576K
}
Event: 9.176 GC heap after
{Heap after GC invocations=27 (full 0):
 garbage-first heap   total 202752K, used 51892K [0x0000000081200000, 0x0000000100000000)
  region size 1024K, 1 young (1024K), 1 survivors (1024K)
 Metaspace       used 70586K, committed 71168K, reserved 1114112K
  class space    used 9815K, committed 10112K, reserved 1048576K
}
Event: 10.443 GC heap before
{Heap before GC invocations=27 (full 0):
 garbage-first heap   total 202752K, used 129716K [0x0000000081200000, 0x0000000100000000)
  region size 1024K, 78 young (79872K), 1 survivors (1024K)
 Metaspace       used 77392K, committed 78016K, reserved 1179648K
  class space    used 10761K, committed 11072K, reserved 1048576K
}
Event: 10.449 GC heap after
{Heap after GC invocations=28 (full 0):
 garbage-first heap   total 202752K, used 56816K [0x0000000081200000, 0x0000000100000000)
  region size 1024K, 6 young (6144K), 6 survivors (6144K)
 Metaspace       used 77392K, committed 78016K, reserved 1179648K
  class space    used 10761K, committed 11072K, reserved 1048576K
}

Dll operation events (11 events):
Event: 0.006 Loaded shared library C:\Program Files\Eclipse Adoptium\jdk-17.0.15.6-hotspot\bin\java.dll
Event: 0.021 Loaded shared library C:\Program Files\Eclipse Adoptium\jdk-17.0.15.6-hotspot\bin\jsvml.dll
Event: 0.161 Loaded shared library C:\Program Files\Eclipse Adoptium\jdk-17.0.15.6-hotspot\bin\net.dll
Event: 0.163 Loaded shared library C:\Program Files\Eclipse Adoptium\jdk-17.0.15.6-hotspot\bin\nio.dll
Event: 0.167 Loaded shared library C:\Program Files\Eclipse Adoptium\jdk-17.0.15.6-hotspot\bin\zip.dll
Event: 0.318 Loaded shared library C:\Program Files\Eclipse Adoptium\jdk-17.0.15.6-hotspot\bin\jimage.dll
Event: 0.840 Loaded shared library C:\Program Files\Eclipse Adoptium\jdk-17.0.15.6-hotspot\bin\management.dll
Event: 0.842 Loaded shared library C:\Program Files\Eclipse Adoptium\jdk-17.0.15.6-hotspot\bin\management_ext.dll
Event: 2.151 Loaded shared library C:\Program Files\Eclipse Adoptium\jdk-17.0.15.6-hotspot\bin\sunmscapi.dll
Event: 5.360 Loaded shared library C:\Program Files\Eclipse Adoptium\jdk-17.0.15.6-hotspot\bin\verify.dll
Event: 5.764 Loaded shared library C:\Program Files\Eclipse Adoptium\jdk-17.0.15.6-hotspot\bin\extnet.dll

Deoptimization events (20 events):
Event: 13.263 Thread 0x000002816fb9f740 DEOPT PACKING pc=0x000002810e145739 sp=0x0000008c6a1fa7f0
Event: 13.263 Thread 0x000002816fb9f740 DEOPT UNPACKING pc=0x0000028114d27143 sp=0x0000008c6a1f9c68 mode 0
Event: 13.264 Thread 0x000002816fb9f740 DEOPT PACKING pc=0x000002810e14569c sp=0x0000008c6a1fa7f0
Event: 13.264 Thread 0x000002816fb9f740 DEOPT UNPACKING pc=0x0000028114d27143 sp=0x0000008c6a1f9c68 mode 0
Event: 13.265 Thread 0x000002816fb9f740 DEOPT PACKING pc=0x000002810e14569c sp=0x0000008c6a1fa7f0
Event: 13.265 Thread 0x000002816fb9f740 DEOPT UNPACKING pc=0x0000028114d27143 sp=0x0000008c6a1f9c68 mode 0
Event: 13.267 Thread 0x000002816fb9f740 DEOPT PACKING pc=0x000002810e14569c sp=0x0000008c6a1fa7e0
Event: 13.267 Thread 0x000002816fb9f740 DEOPT UNPACKING pc=0x0000028114d27143 sp=0x0000008c6a1f9c58 mode 0
Event: 13.432 Thread 0x000002816fb9f740 Uncommon trap: trap_request=0xffffff45 fr.pc=0x000002811527a2d0 relative=0x0000000000000390
Event: 13.432 Thread 0x000002816fb9f740 Uncommon trap: reason=unstable_if action=reinterpret pc=0x000002811527a2d0 method=org.thymeleaf.util.ProcessorComparators$ProcessorPrecedenceComparator.compareWrapped(Lorg/thymeleaf/util/ProcessorConfigurationUtils$AbstractProcessorWrapper;Lorg/thymeleaf/
Event: 13.432 Thread 0x000002816fb9f740 DEOPT PACKING pc=0x000002811527a2d0 sp=0x0000008c6a1fbc70
Event: 13.432 Thread 0x000002816fb9f740 DEOPT UNPACKING pc=0x0000028114d269a3 sp=0x0000008c6a1fbbe0 mode 2
Event: 13.444 Thread 0x000002816fb9f740 Uncommon trap: trap_request=0xffffffde fr.pc=0x00000281153f3940 relative=0x0000000000000040
Event: 13.444 Thread 0x000002816fb9f740 Uncommon trap: reason=class_check action=maybe_recompile pc=0x00000281153f3940 method=java.lang.invoke.DirectMethodHandle.internalMemberName(Ljava/lang/Object;)Ljava/lang/Object; @ 1 c2
Event: 13.444 Thread 0x000002816fb9f740 DEOPT PACKING pc=0x00000281153f3940 sp=0x0000008c6a1fb800
Event: 13.444 Thread 0x000002816fb9f740 DEOPT UNPACKING pc=0x0000028114d269a3 sp=0x0000008c6a1fb790 mode 2
Event: 13.461 Thread 0x000002816fb9f740 Uncommon trap: trap_request=0xfffffff4 fr.pc=0x0000028115547908 relative=0x0000000000000208
Event: 13.461 Thread 0x000002816fb9f740 Uncommon trap: reason=null_check action=make_not_entrant pc=0x0000028115547908 method=sun.invoke.util.VerifyType.isNullConversion(Ljava/lang/Class;Ljava/lang/Class;Z)Z @ 12 c2
Event: 13.461 Thread 0x000002816fb9f740 DEOPT PACKING pc=0x0000028115547908 sp=0x0000008c6a1fae60
Event: 13.461 Thread 0x000002816fb9f740 DEOPT UNPACKING pc=0x0000028114d269a3 sp=0x0000008c6a1fade8 mode 2

Classes loaded (20 events):
Event: 13.253 Loading class sun/security/provider/SecureRandom$SeederHolder
Event: 13.253 Loading class sun/security/provider/SecureRandom$SeederHolder done
Event: 13.365 Loading class java/util/concurrent/locks/ReentrantReadWriteLock$FairSync
Event: 13.365 Loading class java/util/concurrent/locks/ReentrantReadWriteLock$FairSync done
Event: 13.437 Loading class java/lang/EnumBeanInfo
Event: 13.437 Loading class java/lang/EnumBeanInfo done
Event: 13.437 Loading class java/lang/EnumBeanInfo
Event: 13.437 Loading class java/lang/EnumBeanInfo done
Event: 13.438 Loading class java/lang/ObjectBeanInfo
Event: 13.438 Loading class java/lang/ObjectBeanInfo done
Event: 13.438 Loading class java/lang/ObjectBeanInfo
Event: 13.438 Loading class java/lang/ObjectBeanInfo done
Event: 13.438 Loading class java/lang/ObjectCustomizer
Event: 13.439 Loading class java/lang/ObjectCustomizer done
Event: 13.439 Loading class java/lang/ObjectCustomizer
Event: 13.439 Loading class java/lang/ObjectCustomizer done
Event: 13.440 Loading class java/lang/EnumCustomizer
Event: 13.440 Loading class java/lang/EnumCustomizer done
Event: 13.440 Loading class java/lang/EnumCustomizer
Event: 13.440 Loading class java/lang/EnumCustomizer done

Classes unloaded (1 events):
Event: 8.936 Thread 0x0000028124069b60 Unloading class 0x00000281269c0800 'jdk/internal/reflect/GeneratedSerializationConstructorAccessor1'

Classes redefined (0 events):
No events

Internal exceptions (20 events):
Event: 13.145 Thread 0x000002816fba1090 Exception <a 'java/lang/NoSuchMethodError'{0x000000008c3b4098}: 'java.lang.Object java.lang.invoke.DirectMethodHandle$Holder.invokeStaticInit(java.lang.Object, java.lang.Object, java.lang.Object, int, int)'> (0x000000008c3b4098) 
thrown [s\src\hotspot\share\interpreter\linkResolver.cpp, line 759]
Event: 13.175 Thread 0x000002816fb9f740 Exception <a 'java/lang/NoSuchMethodError'{0x000000008be2c440}: 'java.lang.Object java.lang.invoke.DirectMethodHandle$Holder.invokeSpecial(java.lang.Object, java.lang.Object, java.lang.Object, java.lang.Object, java.lang.Object, long)'> (0x000000008be2c440) 
thrown [s\src\hotspot\share\interpreter\linkResolver.cpp, line 759]
Event: 13.175 Thread 0x000002816fb9f740 Exception <a 'java/lang/NoSuchMethodError'{0x000000008be2fe38}: 'java.lang.Object java.lang.invoke.Invokers$Holder.linkToTargetMethod(java.lang.Object, java.lang.Object, java.lang.Object, long, java.lang.Object)'> (0x000000008be2fe38) 
thrown [s\src\hotspot\share\interpreter\linkResolver.cpp, line 759]
Event: 13.310 Thread 0x000002816fb9f740 Exception <a 'java/lang/NoSuchMethodError'{0x000000008b8842e8}: 'void java.lang.invoke.DirectMethodHandle$Holder.invokeSpecialIFC(java.lang.Object, java.lang.Object, int, java.lang.Object, java.lang.Object, java.lang.Object, java.lang.Object)'> (0x000000008b8842e8) 
thrown [s\src\hotspot\share\interpreter\linkResolver.cpp, line 759]
Event: 13.436 Thread 0x000002816fb9f740 Exception <a 'java/lang/ClassNotFoundException'{0x000000008b336260}: org/thymeleaf/templatemode/TemplateModeBeanInfo> (0x000000008b336260) 
thrown [s\src\hotspot\share\classfile\systemDictionary.cpp, line 256]
Event: 13.437 Thread 0x000002816fb9f740 Exception <a 'java/lang/ClassNotFoundException'{0x000000008b33b7c0}: java/lang/EnumBeanInfo> (0x000000008b33b7c0) 
thrown [s\src\hotspot\share\classfile\systemDictionary.cpp, line 256]
Event: 13.438 Thread 0x000002816fb9f740 Exception <a 'java/lang/ClassNotFoundException'{0x000000008b340fd8}: java/lang/ObjectBeanInfo> (0x000000008b340fd8) 
thrown [s\src\hotspot\share\classfile\systemDictionary.cpp, line 256]
Event: 13.439 Thread 0x000002816fb9f740 Exception <a 'java/lang/ClassNotFoundException'{0x000000008b3465f8}: java/lang/ObjectCustomizer> (0x000000008b3465f8) 
thrown [s\src\hotspot\share\classfile\systemDictionary.cpp, line 256]
Event: 13.440 Thread 0x000002816fb9f740 Exception <a 'java/lang/ClassNotFoundException'{0x000000008b34fee0}: java/lang/EnumCustomizer> (0x000000008b34fee0) 
thrown [s\src\hotspot\share\classfile\systemDictionary.cpp, line 256]
Event: 13.442 Thread 0x000002816fb9f740 Exception <a 'java/lang/ClassNotFoundException'{0x000000008b365d40}: org/thymeleaf/templatemode/TemplateModeCustomizer> (0x000000008b365d40) 
thrown [s\src\hotspot\share\classfile\systemDictionary.cpp, line 256]
Event: 13.448 Thread 0x000002816fb9f740 Exception <a 'java/lang/ClassNotFoundException'{0x000000008b399d60}: org/thymeleaf/standard/processor/StandardXmlNsTagProcessorBeanInfo> (0x000000008b399d60) 
thrown [s\src\hotspot\share\classfile\systemDictionary.cpp, line 256]
Event: 13.449 Thread 0x000002816fb9f740 Exception <a 'java/lang/ClassNotFoundException'{0x000000008b3a3df0}: org/thymeleaf/processor/element/AbstractAttributeTagProcessorBeanInfo> (0x000000008b3a3df0) 
thrown [s\src\hotspot\share\classfile\systemDictionary.cpp, line 256]
Event: 13.450 Thread 0x000002816fb9f740 Exception <a 'java/lang/ClassNotFoundException'{0x000000008b3ae1a8}: org/thymeleaf/processor/element/AbstractElementTagProcessorBeanInfo> (0x000000008b3ae1a8) 
thrown [s\src\hotspot\share\classfile\systemDictionary.cpp, line 256]
Event: 13.452 Thread 0x000002816fb9f740 Exception <a 'java/lang/ClassNotFoundException'{0x000000008b3b81c0}: org/thymeleaf/processor/AbstractProcessorBeanInfo> (0x000000008b3b81c0) 
thrown [s\src\hotspot\share\classfile\systemDictionary.cpp, line 256]
Event: 13.453 Thread 0x000002816fb9f740 Exception <a 'java/lang/ClassNotFoundException'{0x000000008b3c1d20}: org/thymeleaf/processor/AbstractProcessorCustomizer> (0x000000008b3c1d20) 
thrown [s\src\hotspot\share\classfile\systemDictionary.cpp, line 256]
Event: 13.455 Thread 0x000002816fb9f740 Exception <a 'java/lang/ClassNotFoundException'{0x000000008b3cf128}: org/thymeleaf/processor/element/AbstractElementTagProcessorCustomizer> (0x000000008b3cf128) 
thrown [s\src\hotspot\share\classfile\systemDictionary.cpp, line 256]
Event: 13.457 Thread 0x000002816fb9f740 Exception <a 'java/lang/ClassNotFoundException'{0x000000008b3dd860}: org/thymeleaf/processor/element/AbstractAttributeTagProcessorCustomizer> (0x000000008b3dd860) 
thrown [s\src\hotspot\share\classfile\systemDictionary.cpp, line 256]
Event: 13.458 Thread 0x000002816fb9f740 Exception <a 'java/lang/ClassNotFoundException'{0x000000008b3e94d8}: org/thymeleaf/standard/processor/StandardXmlNsTagProcessorCustomizer> (0x000000008b3e94d8) 
thrown [s\src\hotspot\share\classfile\systemDictionary.cpp, line 256]
Event: 13.466 Thread 0x000002816fb9f740 Exception <a 'java/lang/NoSuchMethodError'{0x000000008b252198}: 'java.lang.Object java.lang.invoke.Invokers$Holder.linkToCallSite(java.lang.Object, java.lang.Object, java.lang.Object, java.lang.Object, int, java.lang.Object)'> (0x000000008b252198) 
thrown [s\src\hotspot\share\interpreter\linkResolver.cpp, line 759]
Event: 13.470 Thread 0x000002816fb9f740 Exception <a 'java/lang/ClassNotFoundException'{0x000000008b27ae70}: nz/net/ultraq/thymeleaf/layoutdialect/decorators/DecorateProcessorBeanInfo> (0x000000008b27ae70) 
thrown [s\src\hotspot\share\classfile\systemDictionary.cpp, line 256]

VM Operations (20 events):
Event: 10.992 Executing VM operation: HandshakeAllThreads
Event: 10.992 Executing VM operation: HandshakeAllThreads done
Event: 11.005 Executing VM operation: ICBufferFull
Event: 11.005 Executing VM operation: ICBufferFull done
Event: 11.080 Executing VM operation: HandshakeAllThreads
Event: 11.080 Executing VM operation: HandshakeAllThreads done
Event: 11.104 Executing VM operation: HandshakeAllThreads
Event: 11.104 Executing VM operation: HandshakeAllThreads done
Event: 12.118 Executing VM operation: Cleanup
Event: 12.118 Executing VM operation: Cleanup done
Event: 13.191 Executing VM operation: HandshakeAllThreads
Event: 13.191 Executing VM operation: HandshakeAllThreads done
Event: 13.191 Executing VM operation: Cleanup
Event: 13.191 Executing VM operation: Cleanup done
Event: 13.248 Executing VM operation: HandshakeAllThreads
Event: 13.248 Executing VM operation: HandshakeAllThreads done
Event: 13.300 Executing VM operation: HandshakeAllThreads
Event: 13.300 Executing VM operation: HandshakeAllThreads done
Event: 13.333 Executing VM operation: HandshakeAllThreads
Event: 13.333 Executing VM operation: HandshakeAllThreads done

Memory protections (0 events):
No events

Nmethod flushes (20 events):
Event: 11.115 Thread 0x00000281240a4ce0 flushing  nmethod 0x000002810e43df10
Event: 11.115 Thread 0x00000281240a4ce0 flushing  nmethod 0x000002810e43f090
Event: 11.115 Thread 0x00000281240a4ce0 flushing  nmethod 0x000002810e443090
Event: 11.115 Thread 0x00000281240a4ce0 flushing  nmethod 0x000002810e490590
Event: 11.115 Thread 0x00000281240a4ce0 flushing  nmethod 0x000002810e4bd210
Event: 11.115 Thread 0x00000281240a4ce0 flushing  nmethod 0x000002810e4c5490
Event: 11.116 Thread 0x00000281240a4ce0 flushing  nmethod 0x000002810e4f9610
Event: 11.116 Thread 0x00000281240a4ce0 flushing  nmethod 0x000002810e4fba90
Event: 11.116 Thread 0x00000281240a4ce0 flushing  nmethod 0x000002810e508d10
Event: 11.116 Thread 0x00000281240a4ce0 flushing  nmethod 0x000002810e521390
Event: 11.116 Thread 0x00000281240a4ce0 flushing  nmethod 0x000002810e524390
Event: 11.116 Thread 0x00000281240a4ce0 flushing  nmethod 0x000002810e52b310
Event: 11.116 Thread 0x00000281240a4ce0 flushing  nmethod 0x000002810e53c490
Event: 11.116 Thread 0x00000281240a4ce0 flushing  nmethod 0x000002810e54ec10
Event: 11.116 Thread 0x00000281240a4ce0 flushing  nmethod 0x000002810e57ba90
Event: 11.116 Thread 0x00000281240a4ce0 flushing  nmethod 0x000002810e59c010
Event: 11.117 Thread 0x00000281240a4ce0 flushing  nmethod 0x000002810e605b90
Event: 11.117 Thread 0x00000281240a4ce0 flushing  nmethod 0x000002810e605f10
Event: 11.117 Thread 0x00000281240a4ce0 flushing  nmethod 0x000002810e606610
Event: 11.117 Thread 0x00000281240a4ce0 flushing  nmethod 0x000002810e612690

Events (20 events):
Event: 10.756 Thread 0x0000028124269da0 Thread added: 0x000002816fb9c9b0
Event: 10.757 Thread 0x0000028124269da0 Thread added: 0x000002816fba0160
Event: 10.757 Thread 0x0000028124269da0 Thread added: 0x000002816fb9ddf0
Event: 10.757 Thread 0x0000028124269da0 Thread added: 0x000002816fba0670
Event: 10.757 Thread 0x0000028124269da0 Thread added: 0x000002816fba24d0
Event: 10.757 Thread 0x0000028124269da0 Thread added: 0x000002816fb9e810
Event: 10.757 Thread 0x0000028124269da0 Thread added: 0x000002816fba0b80
Event: 10.757 Thread 0x0000028124269da0 Thread added: 0x000002816fb9b060
Event: 10.757 Thread 0x0000028124269da0 Thread added: 0x000002816fb9ed20
Event: 10.771 Thread 0x0000028124269da0 Thread added: 0x000002816fb9f230
Event: 10.773 Thread 0x0000028124269da0 Thread added: 0x000002816fba1090
Event: 10.824 Thread 0x0000028124269da0 Thread exited: 0x0000028124269da0
Event: 10.825 Thread 0x0000028124267f40 Thread exited: 0x0000028124267f40
Event: 10.825 Thread 0x0000028105c5ab20 Thread exited: 0x0000028105c5ab20
Event: 10.825 Thread 0x000002816fba15a0 Thread added: 0x000002816fba15a0
Event: 11.484 Thread 0x0000028124269890 Thread exited: 0x0000028124269890
Event: 11.683 Thread 0x00000281242f1420 Thread exited: 0x00000281242f1420
Event: 12.295 Thread 0x00000281242f1ec0 Thread exited: 0x00000281242f1ec0
Event: 13.273 Thread 0x000002812409efb0 Thread added: 0x000002816ab0bcd0
Event: 13.273 Thread 0x000002812409efb0 Thread added: 0x000002816ab067d0


Dynamic libraries:
0x00007ff768b10000 - 0x00007ff768b1e000 	C:\Program Files\Eclipse Adoptium\jdk-17.0.15.6-hotspot\bin\java.exe
0x00007ffc75250000 - 0x00007ffc75448000 	C:\WINDOWS\SYSTEM32\ntdll.dll
0x00007ffc75140000 - 0x00007ffc75202000 	C:\WINDOWS\System32\KERNEL32.DLL
0x00007ffc72e10000 - 0x00007ffc73106000 	C:\WINDOWS\System32\KERNELBASE.dll
0x00007ffc72910000 - 0x00007ffc72a10000 	C:\WINDOWS\System32\ucrtbase.dll
0x00007ffc6bec0000 - 0x00007ffc6bed7000 	C:\Program Files\Eclipse Adoptium\jdk-17.0.15.6-hotspot\bin\jli.dll
0x00007ffc5f460000 - 0x00007ffc5f47e000 	C:\Program Files\Eclipse Adoptium\jdk-17.0.15.6-hotspot\bin\VCRUNTIME140.dll
0x00007ffc749d0000 - 0x00007ffc74b6d000 	C:\WINDOWS\System32\USER32.dll
0x00007ffc639d0000 - 0x00007ffc63c6a000 	C:\WINDOWS\WinSxS\amd64_microsoft.windows.common-controls_6595b64144ccf1df_6.0.19041.5915_none_60b4b9d171f9c7c7\COMCTL32.dll
0x00007ffc72de0000 - 0x00007ffc72e02000 	C:\WINDOWS\System32\win32u.dll
0x00007ffc73420000 - 0x00007ffc734be000 	C:\WINDOWS\System32\msvcrt.dll
0x00007ffc74560000 - 0x00007ffc7458b000 	C:\WINDOWS\System32\GDI32.dll
0x00007ffc72af0000 - 0x00007ffc72c09000 	C:\WINDOWS\System32\gdi32full.dll
0x00007ffc72c10000 - 0x00007ffc72cad000 	C:\WINDOWS\System32\msvcp_win.dll
0x00007ffc74b70000 - 0x00007ffc74b9f000 	C:\WINDOWS\System32\IMM32.DLL
0x00007ffc6f9d0000 - 0x00007ffc6f9dc000 	C:\Program Files\Eclipse Adoptium\jdk-17.0.15.6-hotspot\bin\vcruntime140_1.dll
0x00007ffc4dd80000 - 0x00007ffc4de0d000 	C:\Program Files\Eclipse Adoptium\jdk-17.0.15.6-hotspot\bin\msvcp140.dll
0x00007ffc0bde0000 - 0x00007ffc0ca4b000 	C:\Program Files\Eclipse Adoptium\jdk-17.0.15.6-hotspot\bin\server\jvm.dll
0x00007ffc74150000 - 0x00007ffc74201000 	C:\WINDOWS\System32\ADVAPI32.dll
0x00007ffc73c30000 - 0x00007ffc73ccf000 	C:\WINDOWS\System32\sechost.dll
0x00007ffc748a0000 - 0x00007ffc749c3000 	C:\WINDOWS\System32\RPCRT4.dll
0x00007ffc728e0000 - 0x00007ffc72907000 	C:\WINDOWS\System32\bcrypt.dll
0x00007ffc743b0000 - 0x00007ffc7441b000 	C:\WINDOWS\System32\WS2_32.dll
0x00007ffc722c0000 - 0x00007ffc7230b000 	C:\WINDOWS\SYSTEM32\POWRPROF.dll
0x00007ffc64520000 - 0x00007ffc64547000 	C:\WINDOWS\SYSTEM32\WINMM.dll
0x00007ffc6af10000 - 0x00007ffc6af1a000 	C:\WINDOWS\SYSTEM32\VERSION.dll
0x00007ffc722a0000 - 0x00007ffc722b2000 	C:\WINDOWS\SYSTEM32\UMPDC.dll
0x00007ffc70780000 - 0x00007ffc70792000 	C:\WINDOWS\SYSTEM32\kernel.appcore.dll
0x00007ffc6f870000 - 0x00007ffc6f87a000 	C:\Program Files\Eclipse Adoptium\jdk-17.0.15.6-hotspot\bin\jimage.dll
0x00007ffc64590000 - 0x00007ffc64791000 	C:\WINDOWS\SYSTEM32\DBGHELP.DLL
0x00007ffc63c70000 - 0x00007ffc63ca4000 	C:\WINDOWS\SYSTEM32\dbgcore.DLL
0x00007ffc72a60000 - 0x00007ffc72ae2000 	C:\WINDOWS\System32\bcryptPrimitives.dll
0x00007ffc548e0000 - 0x00007ffc54905000 	C:\Program Files\Eclipse Adoptium\jdk-17.0.15.6-hotspot\bin\java.dll
0x00007ffc466e0000 - 0x00007ffc467b7000 	C:\Program Files\Eclipse Adoptium\jdk-17.0.15.6-hotspot\bin\jsvml.dll
0x00007ffc734c0000 - 0x00007ffc73c2e000 	C:\WINDOWS\System32\SHELL32.dll
0x00007ffc70980000 - 0x00007ffc71124000 	C:\WINDOWS\SYSTEM32\windows.storage.dll
0x00007ffc74ba0000 - 0x00007ffc74ef3000 	C:\WINDOWS\System32\combase.dll
0x00007ffc72310000 - 0x00007ffc7233b000 	C:\WINDOWS\SYSTEM32\Wldp.dll
0x00007ffc74590000 - 0x00007ffc7465d000 	C:\WINDOWS\System32\OLEAUT32.dll
0x00007ffc75090000 - 0x00007ffc7513d000 	C:\WINDOWS\System32\SHCORE.dll
0x00007ffc74320000 - 0x00007ffc7437b000 	C:\WINDOWS\System32\shlwapi.dll
0x00007ffc72810000 - 0x00007ffc72835000 	C:\WINDOWS\SYSTEM32\profapi.dll
0x00007ffc5d790000 - 0x00007ffc5d7a9000 	C:\Program Files\Eclipse Adoptium\jdk-17.0.15.6-hotspot\bin\net.dll
0x00007ffc6cde0000 - 0x00007ffc6ceea000 	C:\WINDOWS\SYSTEM32\WINHTTP.dll
0x00007ffc71fa0000 - 0x00007ffc7200a000 	C:\WINDOWS\system32\mswsock.dll
0x00007ffc5d610000 - 0x00007ffc5d626000 	C:\Program Files\Eclipse Adoptium\jdk-17.0.15.6-hotspot\bin\nio.dll
0x00007ffc5d9b0000 - 0x00007ffc5d9c8000 	C:\Program Files\Eclipse Adoptium\jdk-17.0.15.6-hotspot\bin\zip.dll
0x00007ffc64f10000 - 0x00007ffc64f1a000 	C:\Program Files\Eclipse Adoptium\jdk-17.0.15.6-hotspot\bin\management.dll
0x00007ffc64d80000 - 0x00007ffc64d8b000 	C:\Program Files\Eclipse Adoptium\jdk-17.0.15.6-hotspot\bin\management_ext.dll
0x00007ffc74140000 - 0x00007ffc74148000 	C:\WINDOWS\System32\PSAPI.DLL
0x00007ffc71c80000 - 0x00007ffc71cbb000 	C:\WINDOWS\SYSTEM32\IPHLPAPI.DLL
0x00007ffc75080000 - 0x00007ffc75088000 	C:\WINDOWS\System32\NSI.dll
0x00007ffc6eeb0000 - 0x00007ffc6eec7000 	C:\WINDOWS\SYSTEM32\dhcpcsvc6.DLL
0x00007ffc6eae0000 - 0x00007ffc6eafd000 	C:\WINDOWS\SYSTEM32\dhcpcsvc.DLL
0x00007ffc71cc0000 - 0x00007ffc71d8a000 	C:\WINDOWS\SYSTEM32\DNSAPI.dll
0x00007ffc6bfe0000 - 0x00007ffc6bfea000 	C:\Windows\System32\rasadhlp.dll
0x00007ffc6b220000 - 0x00007ffc6b2a0000 	C:\WINDOWS\System32\fwpuclnt.dll
0x00007ffc63760000 - 0x00007ffc6376e000 	C:\Program Files\Eclipse Adoptium\jdk-17.0.15.6-hotspot\bin\sunmscapi.dll
0x00007ffc73110000 - 0x00007ffc7326d000 	C:\WINDOWS\System32\CRYPT32.dll
0x00007ffc72380000 - 0x00007ffc723a7000 	C:\WINDOWS\SYSTEM32\ncrypt.dll
0x00007ffc72340000 - 0x00007ffc7237b000 	C:\WINDOWS\SYSTEM32\NTASN1.dll
0x00007ffc72200000 - 0x00007ffc72218000 	C:\WINDOWS\SYSTEM32\CRYPTSP.dll
0x00007ffc718c0000 - 0x00007ffc718f8000 	C:\WINDOWS\system32\rsaenh.dll
0x00007ffc72790000 - 0x00007ffc727be000 	C:\WINDOWS\SYSTEM32\USERENV.dll
0x00007ffc721f0000 - 0x00007ffc721fc000 	C:\WINDOWS\SYSTEM32\CRYPTBASE.dll
0x00007ffc64f60000 - 0x00007ffc64f70000 	C:\Program Files\Eclipse Adoptium\jdk-17.0.15.6-hotspot\bin\verify.dll
0x00007ffc64580000 - 0x00007ffc64589000 	C:\Program Files\Eclipse Adoptium\jdk-17.0.15.6-hotspot\bin\extnet.dll
0x00007ffc64ea0000 - 0x00007ffc64ea7000 	C:\WINDOWS\system32\wshunix.dll

dbghelp: loaded successfully - version: 4.0.5 - missing functions: none
symbol engine: initialized successfully - sym options: 0x614 - pdb path: .;C:\Program Files\Eclipse Adoptium\jdk-17.0.15.6-hotspot\bin;C:\WINDOWS\SYSTEM32;C:\WINDOWS\WinSxS\amd64_microsoft.windows.common-controls_6595b64144ccf1df_6.0.19041.5915_none_60b4b9d171f9c7c7;C:\Program Files\Eclipse Adoptium\jdk-17.0.15.6-hotspot\bin\server

VM Arguments:
jvm_args: -Dfile.encoding=UTF-8 -Duser.country=KR -Duser.language=ko -Duser.variant 
java_command: com.Fitory.fitory.FitoryApplication
java_class_path (initial): C:\Users\human\Desktop\test\Fitory\fitory\build\classes\java\main;C:\Users\human\Desktop\test\Fitory\fitory\build\resources\main;C:\Users\human\.gradle\caches\modules-2\files-2.1\org.springframework.boot\spring-boot-devtools\3.4.5\e550ba7011bb36dde3cafb1d1d88b655657bf2e2\spring-boot-devtools-3.4.5.jar;C:\Users\human\.gradle\caches\modules-2\files-2.1\org.springframework.boot\spring-boot-starter-data-jpa\3.4.5\c6ef06dfef1b02f3e3f82d67118d3944672e7d49\spring-boot-starter-data-jpa-3.4.5.jar;C:\Users\human\.gradle\caches\modules-2\files-2.1\org.springframework.boot\spring-boot-starter-quartz\3.4.5\722af2cba258d0b01a58ba0caccec6f8fd130846\spring-boot-starter-quartz-3.4.5.jar;C:\Users\human\.gradle\caches\modules-2\files-2.1\org.springframework.boot\spring-boot-starter-security\3.4.5\1893f9d40f28cc47a87a3478b02e1e45650bfe43\spring-boot-starter-security-3.4.5.jar;C:\Users\human\.gradle\caches\modules-2\files-2.1\org.springframework.boot\spring-boot-starter-thymeleaf\3.4.5\6564b6a1c10118e662cb8c776eef27d76c0ff78d\spring-boot-starter-thymeleaf-3.4.5.jar;C:\Users\human\.gradle\caches\modules-2\files-2.1\org.springframework.boot\spring-boot-starter-validation\3.4.5\ac75735317fbb71d00829559d1a0a21978989f0\spring-boot-starter-validation-3.4.5.jar;C:\Users\human\.gradle\caches\modules-2\files-2.1\org.springframework.boot\spring-boot-starter-web\3.4.5\54cb03e8615f0c10cd44b5b7d155af3d0be7d66a\spring-boot-starter-web-3.4.5.jar;C:\Users\human\.gradle\caches\modules-2\files-2.1\org.springframework.cloud\spring-cloud-starter-openfeign\4.2.1\8b540b5e5428b587626dfed06dc2c85e36d5841c\spring-cloud-starter-openfeign-4.2.1.jar;C:\Users\human\.gradle\caches\modules-2\files-2.1\org.springframework.session\spring-session-core\3.4.3\f1d22526eeb0a4702fd3acebcc1d089d24d3c737\spring-session-core-3.4.3.jar;C:\Users\human\.gradle\caches\modules-2\files-2.1\javax.servlet\jstl\1.2\74aca283cd4f4b4f3e425f5820cda58f44409547\jstl-1.2.jar;C:\Users\human\.gradle\caches\modules-2\
Launcher Type: SUN_STANDARD

[Global flags]
     intx CICompilerCount                          = 4                                         {product} {ergonomic}
     uint ConcGCThreads                            = 2                                         {product} {ergonomic}
     uint G1ConcRefinementThreads                  = 8                                         {product} {ergonomic}
   size_t G1HeapRegionSize                         = 1048576                                   {product} {ergonomic}
    uintx GCDrainStackTargetSize                   = 64                                        {product} {ergonomic}
   size_t InitialHeapSize                          = 134217728                                 {product} {ergonomic}
   size_t MarkStackSize                            = 4194304                                   {product} {ergonomic}
   size_t MaxHeapSize                              = 2128609280                                {product} {ergonomic}
   size_t MaxNewSize                               = 1277165568                                {product} {ergonomic}
   size_t MinHeapDeltaBytes                        = 1048576                                   {product} {ergonomic}
   size_t MinHeapSize                              = 8388608                                   {product} {ergonomic}
    uintx NonNMethodCodeHeapSize                   = 5839372                                {pd product} {ergonomic}
    uintx NonProfiledCodeHeapSize                  = 122909434                              {pd product} {ergonomic}
    uintx ProfiledCodeHeapSize                     = 122909434                              {pd product} {ergonomic}
    uintx ReservedCodeCacheSize                    = 251658240                              {pd product} {ergonomic}
     bool SegmentedCodeCache                       = true                                      {product} {ergonomic}
   size_t SoftMaxHeapSize                          = 2128609280                             {manageable} {ergonomic}
     bool UseCompressedClassPointers               = true                           {product lp64_product} {ergonomic}
     bool UseCompressedOops                        = true                           {product lp64_product} {ergonomic}
     bool UseG1GC                                  = true                                      {product} {ergonomic}
     bool UseLargePagesIndividualAllocation        = false                                  {pd product} {ergonomic}

Logging:
Log output configuration:
 #0: stdout all=warning uptime,level,tags
 #1: stderr all=off uptime,level,tags

Environment Variables:
JAVA_HOME=C:\Program Files\Java\jdk-17
PATH=C:\Program Files\Eclipse Adoptium\jdk-17.0.15.6-hotspot\bin;C:\WINDOWS\system32;C:\WINDOWS;C:\WINDOWS\System32\Wbem;C:\WINDOWS\System32\WindowsPowerShell\v1.0\;C:\WINDOWS\System32\OpenSSH\;C:\Program Files\Bandizip\;C:\Program Files\Git\cmd;C:\python310\;C:\python310\Scripts\;C:\python310\Scripts\;C:\python310\;C:\Users\human\AppData\Local\Microsoft\WindowsApps;C:\Program Files\Java\jdk-17\bin;C:\Users\human\AppData\Local\Programs\Microsoft VS Code\bin;C:\Program Files\JetBrains\IntelliJ IDEA Community Edition 2025.1.1.1\bin;
USERNAME=human
OS=Windows_NT
PROCESSOR_IDENTIFIER=Intel64 Family 6 Model 60 Stepping 3, GenuineIntel
TMP=C:\Users\human\AppData\Local\Temp
TEMP=C:\Users\human\AppData\Local\Temp



Periodic native trim disabled


---------------  S Y S T E M  ---------------

OS:
 Windows 10 , 64 bit Build 19041 (10.0.19041.5915)
OS uptime: 15 days 7:49 hours

CPU: total 8 (initial active 8) (4 cores per cpu, 2 threads per core) family 6 model 60 stepping 3 microcode 0x27, cx8, cmov, fxsr, ht, mmx, sse, sse2, sse3, ssse3, sse4.1, sse4.2, popcnt, lzcnt, tsc, tscinvbit, avx, avx2, aes, erms, clmul, bmi1, bmi2, fma, vzeroupper, clflush
Processor Information for all 8 processors :
  Max Mhz: 3401, Current Mhz: 3401, Mhz Limit: 3401

Memory: 4k page, system-wide physical 8113M (709M free)
TotalPageFile size 23302M (AvailPageFile size 16M)
current process WorkingSet (physical memory assigned to process): 408M, peak: 426M
current process commit charge ("private bytes"): 469M, peak: 490M

vm_info: OpenJDK 64-Bit Server VM (17.0.15+6) for windows-amd64 JRE (17.0.15+6), built on Apr 15 2025 21:25:47 by "admin" with MS VC++ 17.7 (VS2022)

END.
