#
# There is insufficient memory for the Java Runtime Environment to continue.
# Native memory allocation (mmap) failed to map 134217728 bytes. Error detail: G1 virtual space
# Possible reasons:
#   The system is out of physical RAM or swap space
#   This process is running with CompressedOops enabled, and the Java Heap may be blocking the growth of the native heap
# Possible solutions:
#   Reduce memory load on the system
#   Increase physical memory or swap space
#   Check if swap backing store is full
#   Decrease Java heap size (-Xmx/-Xms)
#   Decrease number of Java threads
#   Decrease Java thread stack sizes (-Xss)
#   Set larger code cache with -XX:ReservedCodeCacheSize=
#   JVM is running with Unscaled Compressed Oops mode in which the Java heap is
#     placed in the first 4GB address space. The Java Heap base address is the
#     maximum limit for the native heap growth. Please use -XX:HeapBaseMinAddress
#     to set the Java Heap base and to place the Java Heap above 4GB virtual address.
# This output file may be truncated or incomplete.
#
#  Out of Memory Error (os_windows.cpp:3618), pid=2512, tid=25884
#
# JRE version:  (17.0.15+6) (build )
# Java VM: OpenJDK 64-Bit Server VM (17.0.15+6, mixed mode, sharing, tiered, compressed oops, compressed class ptrs, g1 gc, windows-amd64)
# No core dump will be written. Minidumps are not enabled by default on client versions of Windows
#

---------------  S U M M A R Y ------------

Command Line: -Dfile.encoding=UTF-8 -Duser.country=KR -Duser.language=ko -Duser.variant com.Fitory.fitory.FitoryApplication

Host: Intel(R) Core(TM) i7-4770 CPU @ 3.40GHz, 8 cores, 7G,  Windows 10 , 64 bit Build 19041 (10.0.19041.5915)
Time: Fri Jun 27 17:02:32 2025  Windows 10 , 64 bit Build 19041 (10.0.19041.5915) elapsed time: 0.010304 seconds (0d 0h 0m 0s)

---------------  T H R E A D  ---------------

Current thread (0x0000020722fce960):  JavaThread "Unknown thread" [_thread_in_vm, id=25884, stack(0x0000001901400000,0x0000001901500000)]

Stack: [0x0000001901400000,0x0000001901500000]
Native frames: (J=compiled Java code, j=interpreted, Vv=VM code, C=native code)
V  [jvm.dll+0x682fc9]
V  [jvm.dll+0x839878]
V  [jvm.dll+0x83b323]
V  [jvm.dll+0x83b993]
V  [jvm.dll+0x24725f]
V  [jvm.dll+0x67fda9]
V  [jvm.dll+0x674c9a]
V  [jvm.dll+0x304d06]
V  [jvm.dll+0x30c1c6]
V  [jvm.dll+0x35dd4e]
V  [jvm.dll+0x35df8d]
V  [jvm.dll+0x2dc0cc]
V  [jvm.dll+0x2dcfe4]
V  [jvm.dll+0x80b7cb]
V  [jvm.dll+0x36b781]
V  [jvm.dll+0x7ea31f]
V  [jvm.dll+0x3f237e]
V  [jvm.dll+0x3f3eb1]
C  [jli.dll+0x5278]
C  [ucrtbase.dll+0x21bb2]
C  [KERNEL32.DLL+0x17374]
C  [ntdll.dll+0x4cc91]


---------------  P R O C E S S  ---------------

Threads class SMR info:
_java_thread_list=0x00007ffc0c917f58, length=0, elements={
}

Java Threads: ( => current thread )

Other Threads:
  0x0000020723194a40 GCTaskThread "GC Thread#0" [stack: 0x0000001901500000,0x0000001901600000] [id=25664]
  0x00000207231a5750 ConcurrentGCThread "G1 Main Marker" [stack: 0x0000001901600000,0x0000001901700000] [id=9100]
  0x00000207231a6910 ConcurrentGCThread "G1 Conc#0" [stack: 0x0000001901700000,0x0000001901800000] [id=25932]

[error occurred during error reporting (printing all threads), id 0xc0000005, EXCEPTION_ACCESS_VIOLATION (0xc0000005) at pc=0x00007ffc0c0ccbf7]

VM state: not at safepoint (not fully initialized)

VM Mutex/Monitor currently owned by a thread:  ([mutex/lock_event])
[0x0000020723137510] Heap_lock - owner thread: 0x0000020722fce960

Heap address: 0x0000000081200000, size: 2030 MB, Compressed Oops mode: 32-bit

CDS archive(s) mapped at: [0x0000000000000000-0x0000000000000000-0x0000000000000000), size 0, SharedBaseAddress: 0x0000000800000000, ArchiveRelocationMode: 1.
Narrow klass base: 0x0000000000000000, Narrow klass shift: 0, Narrow klass range: 0x0

GC Precious Log:
<Empty>

Heap:
 garbage-first heap   total 0K, used 0K [0x0000000081200000, 0x0000000100000000)
  region size 1024K, 0 young (0K), 0 survivors (0K)

[error occurred during error reporting (printing heap information), id 0xc0000005, EXCEPTION_ACCESS_VIOLATION (0xc0000005) at pc=0x00007ffc0c4bc689]

GC Heap History (0 events):
No events

Dll operation events (1 events):
Event: 0.006 Loaded shared library C:\Program Files\Eclipse Adoptium\jdk-17.0.15.6-hotspot\bin\java.dll

Deoptimization events (0 events):
No events

Classes loaded (0 events):
No events

Classes unloaded (0 events):
No events

Classes redefined (0 events):
No events

Internal exceptions (0 events):
No events

VM Operations (0 events):
No events

Memory protections (0 events):
No events

Nmethod flushes (0 events):
No events

Events (0 events):
No events


Dynamic libraries:
0x00007ff768b10000 - 0x00007ff768b1e000 	C:\Program Files\Eclipse Adoptium\jdk-17.0.15.6-hotspot\bin\java.exe
0x00007ffc75250000 - 0x00007ffc75448000 	C:\WINDOWS\SYSTEM32\ntdll.dll
0x00007ffc75140000 - 0x00007ffc75202000 	C:\WINDOWS\System32\KERNEL32.DLL
0x00007ffc72e10000 - 0x00007ffc73106000 	C:\WINDOWS\System32\KERNELBASE.dll
0x00007ffc72910000 - 0x00007ffc72a10000 	C:\WINDOWS\System32\ucrtbase.dll
0x00007ffc5f460000 - 0x00007ffc5f47e000 	C:\Program Files\Eclipse Adoptium\jdk-17.0.15.6-hotspot\bin\VCRUNTIME140.dll
0x00007ffc6bec0000 - 0x00007ffc6bed7000 	C:\Program Files\Eclipse Adoptium\jdk-17.0.15.6-hotspot\bin\jli.dll
0x00007ffc749d0000 - 0x00007ffc74b6d000 	C:\WINDOWS\System32\USER32.dll
0x00007ffc639d0000 - 0x00007ffc63c6a000 	C:\WINDOWS\WinSxS\amd64_microsoft.windows.common-controls_6595b64144ccf1df_6.0.19041.5915_none_60b4b9d171f9c7c7\COMCTL32.dll
0x00007ffc72de0000 - 0x00007ffc72e02000 	C:\WINDOWS\System32\win32u.dll
0x00007ffc74560000 - 0x00007ffc7458b000 	C:\WINDOWS\System32\GDI32.dll
0x00007ffc73420000 - 0x00007ffc734be000 	C:\WINDOWS\System32\msvcrt.dll
0x00007ffc72af0000 - 0x00007ffc72c09000 	C:\WINDOWS\System32\gdi32full.dll
0x00007ffc72c10000 - 0x00007ffc72cad000 	C:\WINDOWS\System32\msvcp_win.dll
0x00007ffc74b70000 - 0x00007ffc74b9f000 	C:\WINDOWS\System32\IMM32.DLL
0x00007ffc6f9d0000 - 0x00007ffc6f9dc000 	C:\Program Files\Eclipse Adoptium\jdk-17.0.15.6-hotspot\bin\vcruntime140_1.dll
0x00007ffc4dd80000 - 0x00007ffc4de0d000 	C:\Program Files\Eclipse Adoptium\jdk-17.0.15.6-hotspot\bin\msvcp140.dll
0x00007ffc0bde0000 - 0x00007ffc0ca4b000 	C:\Program Files\Eclipse Adoptium\jdk-17.0.15.6-hotspot\bin\server\jvm.dll
0x00007ffc74150000 - 0x00007ffc74201000 	C:\WINDOWS\System32\ADVAPI32.dll
0x00007ffc73c30000 - 0x00007ffc73ccf000 	C:\WINDOWS\System32\sechost.dll
0x00007ffc748a0000 - 0x00007ffc749c3000 	C:\WINDOWS\System32\RPCRT4.dll
0x00007ffc728e0000 - 0x00007ffc72907000 	C:\WINDOWS\System32\bcrypt.dll
0x00007ffc743b0000 - 0x00007ffc7441b000 	C:\WINDOWS\System32\WS2_32.dll
0x00007ffc722c0000 - 0x00007ffc7230b000 	C:\WINDOWS\SYSTEM32\POWRPROF.dll
0x00007ffc64520000 - 0x00007ffc64547000 	C:\WINDOWS\SYSTEM32\WINMM.dll
0x00007ffc6af10000 - 0x00007ffc6af1a000 	C:\WINDOWS\SYSTEM32\VERSION.dll
0x00007ffc722a0000 - 0x00007ffc722b2000 	C:\WINDOWS\SYSTEM32\UMPDC.dll
0x00007ffc70780000 - 0x00007ffc70792000 	C:\WINDOWS\SYSTEM32\kernel.appcore.dll
0x00007ffc6f870000 - 0x00007ffc6f87a000 	C:\Program Files\Eclipse Adoptium\jdk-17.0.15.6-hotspot\bin\jimage.dll
0x00007ffc64590000 - 0x00007ffc64791000 	C:\WINDOWS\SYSTEM32\DBGHELP.DLL
0x00007ffc63c70000 - 0x00007ffc63ca4000 	C:\WINDOWS\SYSTEM32\dbgcore.DLL
0x00007ffc72a60000 - 0x00007ffc72ae2000 	C:\WINDOWS\System32\bcryptPrimitives.dll
0x00007ffc548e0000 - 0x00007ffc54905000 	C:\Program Files\Eclipse Adoptium\jdk-17.0.15.6-hotspot\bin\java.dll

dbghelp: loaded successfully - version: 4.0.5 - missing functions: none
symbol engine: initialized successfully - sym options: 0x614 - pdb path: .;C:\Program Files\Eclipse Adoptium\jdk-17.0.15.6-hotspot\bin;C:\WINDOWS\SYSTEM32;C:\WINDOWS\WinSxS\amd64_microsoft.windows.common-controls_6595b64144ccf1df_6.0.19041.5915_none_60b4b9d171f9c7c7;C:\Program Files\Eclipse Adoptium\jdk-17.0.15.6-hotspot\bin\server

VM Arguments:
jvm_args: -Dfile.encoding=UTF-8 -Duser.country=KR -Duser.language=ko -Duser.variant 
java_command: com.Fitory.fitory.FitoryApplication
java_class_path (initial): C:\Users\human\Desktop\test\Fitory\fitory\build\classes\java\main;C:\Users\human\Desktop\test\Fitory\fitory\build\resources\main;C:\Users\human\.gradle\caches\modules-2\files-2.1\org.springframework.boot\spring-boot-devtools\3.4.5\e550ba7011bb36dde3cafb1d1d88b655657bf2e2\spring-boot-devtools-3.4.5.jar;C:\Users\human\.gradle\caches\modules-2\files-2.1\org.springframework.boot\spring-boot-starter-data-jpa\3.4.5\c6ef06dfef1b02f3e3f82d67118d3944672e7d49\spring-boot-starter-data-jpa-3.4.5.jar;C:\Users\human\.gradle\caches\modules-2\files-2.1\org.springframework.boot\spring-boot-starter-quartz\3.4.5\722af2cba258d0b01a58ba0caccec6f8fd130846\spring-boot-starter-quartz-3.4.5.jar;C:\Users\human\.gradle\caches\modules-2\files-2.1\org.springframework.boot\spring-boot-starter-security\3.4.5\1893f9d40f28cc47a87a3478b02e1e45650bfe43\spring-boot-starter-security-3.4.5.jar;C:\Users\human\.gradle\caches\modules-2\files-2.1\org.springframework.boot\spring-boot-starter-thymeleaf\3.4.5\6564b6a1c10118e662cb8c776eef27d76c0ff78d\spring-boot-starter-thymeleaf-3.4.5.jar;C:\Users\human\.gradle\caches\modules-2\files-2.1\org.springframework.boot\spring-boot-starter-validation\3.4.5\ac75735317fbb71d00829559d1a0a21978989f0\spring-boot-starter-validation-3.4.5.jar;C:\Users\human\.gradle\caches\modules-2\files-2.1\org.springframework.boot\spring-boot-starter-web\3.4.5\54cb03e8615f0c10cd44b5b7d155af3d0be7d66a\spring-boot-starter-web-3.4.5.jar;C:\Users\human\.gradle\caches\modules-2\files-2.1\org.springframework.cloud\spring-cloud-starter-openfeign\4.2.1\8b540b5e5428b587626dfed06dc2c85e36d5841c\spring-cloud-starter-openfeign-4.2.1.jar;C:\Users\human\.gradle\caches\modules-2\files-2.1\org.springframework.session\spring-session-core\3.4.3\f1d22526eeb0a4702fd3acebcc1d089d24d3c737\spring-session-core-3.4.3.jar;C:\Users\human\.gradle\caches\modules-2\files-2.1\javax.servlet\jstl\1.2\74aca283cd4f4b4f3e425f5820cda58f44409547\jstl-1.2.jar;C:\Users\human\.gradle\caches\modules-2\
Launcher Type: SUN_STANDARD

[Global flags]
     intx CICompilerCount                          = 4                                         {product} {ergonomic}
     uint ConcGCThreads                            = 2                                         {product} {ergonomic}
     uint G1ConcRefinementThreads                  = 8                                         {product} {ergonomic}
   size_t G1HeapRegionSize                         = 1048576                                   {product} {ergonomic}
    uintx GCDrainStackTargetSize                   = 64                                        {product} {ergonomic}
   size_t InitialHeapSize                          = 134217728                                 {product} {ergonomic}
   size_t MarkStackSize                            = 4194304                                   {product} {ergonomic}
   size_t MaxHeapSize                              = 2128609280                                {product} {ergonomic}
   size_t MinHeapDeltaBytes                        = 1048576                                   {product} {ergonomic}
   size_t MinHeapSize                              = 8388608                                   {product} {ergonomic}
    uintx NonNMethodCodeHeapSize                   = 5839372                                {pd product} {ergonomic}
    uintx NonProfiledCodeHeapSize                  = 122909434                              {pd product} {ergonomic}
    uintx ProfiledCodeHeapSize                     = 122909434                              {pd product} {ergonomic}
    uintx ReservedCodeCacheSize                    = 251658240                              {pd product} {ergonomic}
     bool SegmentedCodeCache                       = true                                      {product} {ergonomic}
   size_t SoftMaxHeapSize                          = 2128609280                             {manageable} {ergonomic}
     bool UseCompressedClassPointers               = true                           {product lp64_product} {ergonomic}
     bool UseCompressedOops                        = true                           {product lp64_product} {ergonomic}
     bool UseG1GC                                  = true                                      {product} {ergonomic}
     bool UseLargePagesIndividualAllocation        = false                                  {pd product} {ergonomic}

Logging:
Log output configuration:
 #0: stdout all=warning uptime,level,tags
 #1: stderr all=off uptime,level,tags

Environment Variables:
JAVA_HOME=C:\Program Files\Java\jdk-17
PATH=C:\Program Files\Eclipse Adoptium\jdk-17.0.15.6-hotspot\bin;C:\WINDOWS\system32;C:\WINDOWS;C:\WINDOWS\System32\Wbem;C:\WINDOWS\System32\WindowsPowerShell\v1.0\;C:\WINDOWS\System32\OpenSSH\;C:\Program Files\Bandizip\;C:\Program Files\Git\cmd;C:\python310\;C:\python310\Scripts\;C:\python310\Scripts\;C:\python310\;C:\Users\human\AppData\Local\Microsoft\WindowsApps;C:\Program Files\Java\jdk-17\bin;C:\Users\human\AppData\Local\Programs\Microsoft VS Code\bin;C:\Program Files\JetBrains\IntelliJ IDEA Community Edition 2025.1.1.1\bin;
USERNAME=human
OS=Windows_NT
PROCESSOR_IDENTIFIER=Intel64 Family 6 Model 60 Stepping 3, GenuineIntel
TMP=C:\Users\human\AppData\Local\Temp
TEMP=C:\Users\human\AppData\Local\Temp



Periodic native trim disabled


---------------  S Y S T E M  ---------------

OS:
 Windows 10 , 64 bit Build 19041 (10.0.19041.5915)
OS uptime: 15 days 7:50 hours

CPU: total 8 (initial active 8) (4 cores per cpu, 2 threads per core) family 6 model 60 stepping 3 microcode 0x27, cx8, cmov, fxsr, ht, mmx, sse, sse2, sse3, ssse3, sse4.1, sse4.2, popcnt, lzcnt, tsc, tscinvbit, avx, avx2, aes, erms, clmul, bmi1, bmi2, fma, vzeroupper, clflush
Processor Information for all 8 processors :
  Max Mhz: 3401, Current Mhz: 3401, Mhz Limit: 3401

Memory: 4k page, system-wide physical 8113M (675M free)
TotalPageFile size 23302M (AvailPageFile size 79M)
current process WorkingSet (physical memory assigned to process): 10M, peak: 10M
current process commit charge ("private bytes"): 60M, peak: 188M

vm_info: OpenJDK 64-Bit Server VM (17.0.15+6) for windows-amd64 JRE (17.0.15+6), built on Apr 15 2025 21:25:47 by "admin" with MS VC++ 17.7 (VS2022)

END.
